#
# There is insufficient memory for the Java Runtime Environment to continue.
# Native memory allocation (malloc) failed to allocate 1871056 bytes. Error detail: Chunk::new
# Possible reasons:
#   The system is out of physical RAM or swap space
#   This process is running with CompressedOops enabled, and the Java Heap may be blocking the growth of the native heap
# Possible solutions:
#   Reduce memory load on the system
#   Increase physical memory or swap space
#   Check if swap backing store is full
#   Decrease Java heap size (-Xmx/-Xms)
#   Decrease number of Java threads
#   Decrease Java thread stack sizes (-Xss)
#   Set larger code cache with -XX:ReservedCodeCacheSize=
#   JVM is running with Unscaled Compressed Oops mode in which the Java heap is
#     placed in the first 4GB address space. The Java Heap base address is the
#     maximum limit for the native heap growth. Please use -XX:HeapBaseMinAddress
#     to set the Java Heap base and to place the Java Heap above 4GB virtual address.
# This output file may be truncated or incomplete.
#
#  Out of Memory Error (arena.cpp:150), pid=6564, tid=3164
#
# JRE version: Java(TM) SE Runtime Environment (22.0.1+8) (build 22.0.1+8-16)
# Java VM: Java HotSpot(TM) 64-Bit Server VM (22.0.1+8-16, mixed mode, sharing, tiered, compressed oops, compressed class ptrs, g1 gc, windows-amd64)
# No core dump will be written. Minidumps are not enabled by default on client versions of Windows
#

---------------  S U M M A R Y ------------

Command Line: -Dfile.encoding=UTF-8 -Dstdout.encoding=UTF-8 -Dstderr.encoding=UTF-8 -XX:+ShowCodeDetailsInExceptionMessages Tutorial11.orange

Host: AMD Ryzen 5 5500U with Radeon Graphics         , 12 cores, 5G,  Windows 11 , 64 bit Build 26100 (10.0.26100.4768)
Time: Fri Aug 15 11:39:06 2025 India Standard Time elapsed time: 8.679923 seconds (0d 0h 0m 8s)

---------------  T H R E A D  ---------------

Current thread (0x0000016b6bd208a0):  JavaThread "C2 CompilerThread0" daemon [_thread_in_native, id=3164, stack(0x00000065fdb00000,0x00000065fdc00000) (1024K)]


Current CompileTask:
C2:8680 1680       4       java.lang.invoke.MethodType::makeImpl (109 bytes)

Stack: [0x00000065fdb00000,0x00000065fdc00000]
Native frames: (J=compiled Java code, j=interpreted, Vv=VM code, C=native code)
V  [jvm.dll+0x6e2279]  (no source info available)
V  [jvm.dll+0x874e33]  (no source info available)
V  [jvm.dll+0x87725e]  (no source info available)
V  [jvm.dll+0x877933]  (no source info available)
V  [jvm.dll+0x27fd76]  (no source info available)
V  [jvm.dll+0xc3d0f]  (no source info available)
V  [jvm.dll+0xc3f6b]  (no source info available)
V  [jvm.dll+0x3bb0d2]  (no source info available)
V  [jvm.dll+0x387b6b]  (no source info available)
V  [jvm.dll+0x386fda]  (no source info available)
V  [jvm.dll+0x247918]  (no source info available)
V  [jvm.dll+0x246fbf]  (no source info available)
V  [jvm.dll+0x1c4e90]  (no source info available)
V  [jvm.dll+0x2569fe]  (no source info available)
V  [jvm.dll+0x254cba]  (no source info available)
V  [jvm.dll+0x3f5336]  (no source info available)
V  [jvm.dll+0x81d44b]  (no source info available)
V  [jvm.dll+0x6e0915]  (no source info available)
C  [ucrtbase.dll+0x37b0]  (no source info available)
C  [KERNEL32.DLL+0x2e8d7]  (no source info available)
C  [ntdll.dll+0x3c34c]  (no source info available)


---------------  P R O C E S S  ---------------

Threads class SMR info:
_java_thread_list=0x0000016b45af4f30, length=24, elements={
0x0000016b4fabf1f0, 0x0000016b6bce0da0, 0x0000016b6bce1800, 0x0000016b6bce8050,
0x0000016b6bce9fe0, 0x0000016b6bcea670, 0x0000016b6bce9950, 0x0000016b6bd208a0,
0x0000016b6bd22ae0, 0x0000016b6bceba20, 0x0000016b6bcead00, 0x0000016b6bce92c0,
0x0000016b460aa7c0, 0x0000016b460a9410, 0x0000016b460a86f0, 0x0000016b460a9aa0,
0x0000016b460aae50, 0x0000016b460ab4e0, 0x0000016b460abb70, 0x0000016b460aa130,
0x0000016b460ac200, 0x0000016b460a8d80, 0x0000016b460ac890, 0x0000016b46265620
}

Java Threads: ( => current thread )
  0x0000016b4fabf1f0 JavaThread "Forwarding maximizeCurrentWindow on session 8473a9dbeb8cd8f51c0f3b7c97a2db71 to remote"        [_thread_blocked, id=20728, stack(0x00000065fcd00000,0x00000065fce00000) (1024K)]
  0x0000016b6bce0da0 JavaThread "Reference Handler"          daemon [_thread_blocked, id=39488, stack(0x00000065fd500000,0x00000065fd600000) (1024K)]
  0x0000016b6bce1800 JavaThread "Finalizer"                  daemon [_thread_blocked, id=39076, stack(0x00000065fd600000,0x00000065fd700000) (1024K)]
  0x0000016b6bce8050 JavaThread "Signal Dispatcher"          daemon [_thread_blocked, id=14784, stack(0x00000065fd700000,0x00000065fd800000) (1024K)]
  0x0000016b6bce9fe0 JavaThread "Attach Listener"            daemon [_thread_blocked, id=32912, stack(0x00000065fd800000,0x00000065fd900000) (1024K)]
  0x0000016b6bcea670 JavaThread "Service Thread"             daemon [_thread_blocked, id=28420, stack(0x00000065fd900000,0x00000065fda00000) (1024K)]
  0x0000016b6bce9950 JavaThread "Monitor Deflation Thread"   daemon [_thread_blocked, id=12656, stack(0x00000065fda00000,0x00000065fdb00000) (1024K)]
=>0x0000016b6bd208a0 JavaThread "C2 CompilerThread0"         daemon [_thread_in_native, id=3164, stack(0x00000065fdb00000,0x00000065fdc00000) (1024K)]
  0x0000016b6bd22ae0 JavaThread "C1 CompilerThread0"         daemon [_thread_blocked, id=35216, stack(0x00000065fdc00000,0x00000065fdd00000) (1024K)]
  0x0000016b6bceba20 JavaThread "Notification Thread"        daemon [_thread_blocked, id=13784, stack(0x00000065fdd00000,0x00000065fde00000) (1024K)]
  0x0000016b6bcead00 JavaThread "Common-Cleaner"             daemon [_thread_blocked, id=9648, stack(0x00000065fde00000,0x00000065fdf00000) (1024K)]
  0x0000016b6bce92c0 JavaThread "HttpClient-1-SelectorManager" daemon [_thread_in_native, id=39284, stack(0x00000065fe100000,0x00000065fe200000) (1024K)]
  0x0000016b460aa7c0 JavaThread "External Process Output Forwarder - C:\Users\Prerana\.cache\selenium\chromedriver\win64\139.0.7258.68\chromedriver.exe"        [_thread_in_native, id=17392, stack(0x00000065fe200000,0x00000065fe300000) (1024K)]
  0x0000016b460a9410 JavaThread "Driver Service Executor"    daemon [_thread_blocked, id=31768, stack(0x00000065fe300000,0x00000065fe400000) (1024K)]
  0x0000016b460a86f0 JavaThread "Driver Service Executor"    daemon [_thread_in_native, id=31876, stack(0x00000065fe400000,0x00000065fe500000) (1024K)]
  0x0000016b460a9aa0 JavaThread "UrlChecker-2"               daemon [_thread_blocked, id=22452, stack(0x00000065fe500000,0x00000065fe600000) (1024K)]
  0x0000016b460aae50 JavaThread "pool-1-thread-1"                   [_thread_blocked, id=9864, stack(0x00000065ff100000,0x00000065ff200000) (1024K)]
  0x0000016b460ab4e0 JavaThread "pool-1-thread-2"                   [_thread_blocked, id=21104, stack(0x00000065ff200000,0x00000065ff300000) (1024K)]
  0x0000016b460abb70 JavaThread "pool-1-thread-3"                   [_thread_blocked, id=32144, stack(0x00000065ff300000,0x00000065ff400000) (1024K)]
  0x0000016b460aa130 JavaThread "HttpClient-2-SelectorManager" daemon [_thread_in_native, id=35548, stack(0x00000065ff400000,0x00000065ff500000) (1024K)]
  0x0000016b460ac200 JavaThread "pool-2-thread-1"                   [_thread_blocked, id=3232, stack(0x00000065ff500000,0x00000065ff600000) (1024K)]
  0x0000016b460a8d80 JavaThread "pool-2-thread-2"                   [_thread_blocked, id=28208, stack(0x00000065ff600000,0x00000065ff700000) (1024K)]
  0x0000016b460ac890 JavaThread "pool-2-thread-3"                   [_thread_blocked, id=33080, stack(0x00000065ff700000,0x00000065ff800000) (1024K)]
  0x0000016b46265620 JavaThread "C2 CompilerThread1"         daemon [_thread_in_native, id=12728, stack(0x00000065fe000000,0x00000065fe100000) (1024K)]
Total: 24

Other Threads:
  0x0000016b6bcc4640 VMThread "VM Thread"                           [id=33248, stack(0x00000065fd400000,0x00000065fd500000) (1024K)]
  0x0000016b6bca5590 WatcherThread "VM Periodic Task Thread"        [id=38640, stack(0x00000065fd300000,0x00000065fd400000) (1024K)]
  0x0000016b4fb05f70 WorkerThread "GC Thread#0"                     [id=11604, stack(0x00000065fce00000,0x00000065fcf00000) (1024K)]
  0x0000016b461e3a50 WorkerThread "GC Thread#1"                     [id=37160, stack(0x00000065fe800000,0x00000065fe900000) (1024K)]
  0x0000016b460bc460 WorkerThread "GC Thread#2"                     [id=34628, stack(0x00000065fe900000,0x00000065fea00000) (1024K)]
  0x0000016b460bc810 WorkerThread "GC Thread#3"                     [id=14028, stack(0x00000065fea00000,0x00000065feb00000) (1024K)]
  0x0000016b461c3650 WorkerThread "GC Thread#4"                     [id=32056, stack(0x00000065feb00000,0x00000065fec00000) (1024K)]
  0x0000016b461d8c80 WorkerThread "GC Thread#5"                     [id=39032, stack(0x00000065fec00000,0x00000065fed00000) (1024K)]
  0x0000016b461dbc50 WorkerThread "GC Thread#6"                     [id=39408, stack(0x00000065fed00000,0x00000065fee00000) (1024K)]
  0x0000016b461dc000 WorkerThread "GC Thread#7"                     [id=34660, stack(0x00000065fee00000,0x00000065fef00000) (1024K)]
  0x0000016b461dc7c0 WorkerThread "GC Thread#8"                     [id=26932, stack(0x00000065fef00000,0x00000065ff000000) (1024K)]
  0x0000016b461deb80 WorkerThread "GC Thread#9"                     [id=34560, stack(0x00000065ff000000,0x00000065ff100000) (1024K)]
  0x0000016b4fb12a20 ConcurrentGCThread "G1 Main Marker"            [id=21852, stack(0x00000065fcf00000,0x00000065fd000000) (1024K)]
  0x0000016b4fb14b60 WorkerThread "G1 Conc#0"                       [id=35508, stack(0x00000065fd000000,0x00000065fd100000) (1024K)]
  0x0000016b4fb7e150 ConcurrentGCThread "G1 Refine#0"               [id=39264, stack(0x00000065fd100000,0x00000065fd200000) (1024K)]
  0x0000016b6bb750d0 ConcurrentGCThread "G1 Service"                [id=5456, stack(0x00000065fd200000,0x00000065fd300000) (1024K)]
Total: 16

Threads with active compile tasks:
C2 CompilerThread0  13870 1680       4       java.lang.invoke.MethodType::makeImpl (109 bytes)
C2 CompilerThread1  13870 1776       4       java.lang.invoke.MethodType::methodType (69 bytes)
Total: 2

VM state: not at safepoint (normal execution)

VM Mutex/Monitor currently owned by a thread: None

Heap address: 0x00000000a2200000, size: 1502 MB, Compressed Oops mode: 32-bit

CDS archive(s) mapped at: [0x0000016b00000000-0x0000016b00c60000-0x0000016b00c60000), size 12976128, SharedBaseAddress: 0x0000016b00000000, ArchiveRelocationMode: 1.
Compressed class space mapped at: 0x0000016b01000000-0x0000016b41000000, reserved size: 1073741824
Narrow klass base: 0x0000016b00000000, Narrow klass shift: 0, Narrow klass range: 0x41000000

GC Precious Log:
 CardTable entry size: 512
 Card Set container configuration: InlinePtr #cards 5 size 8 Array Of Cards #cards 12 size 40 Howl #buckets 4 coarsen threshold 1843 Howl Bitmap #cards 512 size 80 coarsen threshold 460 Card regions per heap region 1 cards per card region 2048
 CPUs: 12 total, 12 available
 Memory: 6005M
 Large Page Support: Disabled
 NUMA Support: Disabled
 Compressed Oops: Enabled (32-bit)
 Heap Region Size: 1M
 Heap Min Capacity: 8M
 Heap Initial Capacity: 94M
 Heap Max Capacity: 1502M
 Pre-touch: Disabled
 Parallel Workers: 10
 Concurrent Workers: 3
 Concurrent Refinement Workers: 10
 Periodic GC: Disabled

Heap:
 garbage-first heap   total reserved 1538048K, committed 96256K, used 16784K [0x00000000a2200000, 0x0000000100000000)
  region size 1024K, 15 young (15360K), 3 survivors (3072K)
 Metaspace       used 13371K, committed 13696K, reserved 1114112K
  class space    used 1665K, committed 1792K, reserved 1048576K

Heap Regions: E=young(eden), S=young(survivor), O=old, HS=humongous(starts), HC=humongous(continues), CS=collection set, F=free, TAMS=top-at-mark-start, PB=parsable bottom
|   0|0x00000000a2200000, 0x00000000a2300000, 0x00000000a2300000|100%| O|  |TAMS 0x00000000a2200000| PB 0x00000000a2200000| Untracked |  0
|   1|0x00000000a2300000, 0x00000000a2400000, 0x00000000a2400000|100%| O|  |TAMS 0x00000000a2300000| PB 0x00000000a2300000| Untracked |  0
|   2|0x00000000a2400000, 0x00000000a2464000, 0x00000000a2500000| 39%| O|  |TAMS 0x00000000a2400000| PB 0x00000000a2400000| Untracked |  0
|   3|0x00000000a2500000, 0x00000000a2500000, 0x00000000a2600000|  0%| F|  |TAMS 0x00000000a2500000| PB 0x00000000a2500000| Untracked |  0
|   4|0x00000000a2600000, 0x00000000a2600000, 0x00000000a2700000|  0%| F|  |TAMS 0x00000000a2600000| PB 0x00000000a2600000| Untracked |  0
|   5|0x00000000a2700000, 0x00000000a2700000, 0x00000000a2800000|  0%| F|  |TAMS 0x00000000a2700000| PB 0x00000000a2700000| Untracked |  0
|   6|0x00000000a2800000, 0x00000000a2800000, 0x00000000a2900000|  0%| F|  |TAMS 0x00000000a2800000| PB 0x00000000a2800000| Untracked |  0
|   7|0x00000000a2900000, 0x00000000a2900000, 0x00000000a2a00000|  0%| F|  |TAMS 0x00000000a2900000| PB 0x00000000a2900000| Untracked |  0
|   8|0x00000000a2a00000, 0x00000000a2a00000, 0x00000000a2b00000|  0%| F|  |TAMS 0x00000000a2a00000| PB 0x00000000a2a00000| Untracked |  0
|   9|0x00000000a2b00000, 0x00000000a2b00000, 0x00000000a2c00000|  0%| F|  |TAMS 0x00000000a2b00000| PB 0x00000000a2b00000| Untracked |  0
|  10|0x00000000a2c00000, 0x00000000a2c00000, 0x00000000a2d00000|  0%| F|  |TAMS 0x00000000a2c00000| PB 0x00000000a2c00000| Untracked |  0
|  11|0x00000000a2d00000, 0x00000000a2d00000, 0x00000000a2e00000|  0%| F|  |TAMS 0x00000000a2d00000| PB 0x00000000a2d00000| Untracked |  0
|  12|0x00000000a2e00000, 0x00000000a2e00000, 0x00000000a2f00000|  0%| F|  |TAMS 0x00000000a2e00000| PB 0x00000000a2e00000| Untracked |  0
|  13|0x00000000a2f00000, 0x00000000a2f00000, 0x00000000a3000000|  0%| F|  |TAMS 0x00000000a2f00000| PB 0x00000000a2f00000| Untracked |  0
|  14|0x00000000a3000000, 0x00000000a3000000, 0x00000000a3100000|  0%| F|  |TAMS 0x00000000a3000000| PB 0x00000000a3000000| Untracked |  0
|  15|0x00000000a3100000, 0x00000000a3100000, 0x00000000a3200000|  0%| F|  |TAMS 0x00000000a3100000| PB 0x00000000a3100000| Untracked |  0
|  16|0x00000000a3200000, 0x00000000a3200000, 0x00000000a3300000|  0%| F|  |TAMS 0x00000000a3200000| PB 0x00000000a3200000| Untracked |  0
|  17|0x00000000a3300000, 0x00000000a3300000, 0x00000000a3400000|  0%| F|  |TAMS 0x00000000a3300000| PB 0x00000000a3300000| Untracked |  0
|  18|0x00000000a3400000, 0x00000000a3400000, 0x00000000a3500000|  0%| F|  |TAMS 0x00000000a3400000| PB 0x00000000a3400000| Untracked |  0
|  19|0x00000000a3500000, 0x00000000a3500000, 0x00000000a3600000|  0%| F|  |TAMS 0x00000000a3500000| PB 0x00000000a3500000| Untracked |  0
|  20|0x00000000a3600000, 0x00000000a3600000, 0x00000000a3700000|  0%| F|  |TAMS 0x00000000a3600000| PB 0x00000000a3600000| Untracked |  0
|  21|0x00000000a3700000, 0x00000000a3700000, 0x00000000a3800000|  0%| F|  |TAMS 0x00000000a3700000| PB 0x00000000a3700000| Untracked |  0
|  22|0x00000000a3800000, 0x00000000a3800000, 0x00000000a3900000|  0%| F|  |TAMS 0x00000000a3800000| PB 0x00000000a3800000| Untracked |  0
|  23|0x00000000a3900000, 0x00000000a3900000, 0x00000000a3a00000|  0%| F|  |TAMS 0x00000000a3900000| PB 0x00000000a3900000| Untracked |  0
|  24|0x00000000a3a00000, 0x00000000a3a00000, 0x00000000a3b00000|  0%| F|  |TAMS 0x00000000a3a00000| PB 0x00000000a3a00000| Untracked |  0
|  25|0x00000000a3b00000, 0x00000000a3b00000, 0x00000000a3c00000|  0%| F|  |TAMS 0x00000000a3b00000| PB 0x00000000a3b00000| Untracked |  0
|  26|0x00000000a3c00000, 0x00000000a3c00000, 0x00000000a3d00000|  0%| F|  |TAMS 0x00000000a3c00000| PB 0x00000000a3c00000| Untracked |  0
|  27|0x00000000a3d00000, 0x00000000a3d00000, 0x00000000a3e00000|  0%| F|  |TAMS 0x00000000a3d00000| PB 0x00000000a3d00000| Untracked |  0
|  28|0x00000000a3e00000, 0x00000000a3e00000, 0x00000000a3f00000|  0%| F|  |TAMS 0x00000000a3e00000| PB 0x00000000a3e00000| Untracked |  0
|  29|0x00000000a3f00000, 0x00000000a3f00000, 0x00000000a4000000|  0%| F|  |TAMS 0x00000000a3f00000| PB 0x00000000a3f00000| Untracked |  0
|  30|0x00000000a4000000, 0x00000000a4000000, 0x00000000a4100000|  0%| F|  |TAMS 0x00000000a4000000| PB 0x00000000a4000000| Untracked |  0
|  31|0x00000000a4100000, 0x00000000a4100000, 0x00000000a4200000|  0%| F|  |TAMS 0x00000000a4100000| PB 0x00000000a4100000| Untracked |  0
|  32|0x00000000a4200000, 0x00000000a4200000, 0x00000000a4300000|  0%| F|  |TAMS 0x00000000a4200000| PB 0x00000000a4200000| Untracked |  0
|  33|0x00000000a4300000, 0x00000000a4300000, 0x00000000a4400000|  0%| F|  |TAMS 0x00000000a4300000| PB 0x00000000a4300000| Untracked |  0
|  34|0x00000000a4400000, 0x00000000a4400000, 0x00000000a4500000|  0%| F|  |TAMS 0x00000000a4400000| PB 0x00000000a4400000| Untracked |  0
|  35|0x00000000a4500000, 0x00000000a4500000, 0x00000000a4600000|  0%| F|  |TAMS 0x00000000a4500000| PB 0x00000000a4500000| Untracked |  0
|  36|0x00000000a4600000, 0x00000000a4600000, 0x00000000a4700000|  0%| F|  |TAMS 0x00000000a4600000| PB 0x00000000a4600000| Untracked |  0
|  37|0x00000000a4700000, 0x00000000a4700000, 0x00000000a4800000|  0%| F|  |TAMS 0x00000000a4700000| PB 0x00000000a4700000| Untracked |  0
|  38|0x00000000a4800000, 0x00000000a4800000, 0x00000000a4900000|  0%| F|  |TAMS 0x00000000a4800000| PB 0x00000000a4800000| Untracked |  0
|  39|0x00000000a4900000, 0x00000000a4900000, 0x00000000a4a00000|  0%| F|  |TAMS 0x00000000a4900000| PB 0x00000000a4900000| Untracked |  0
|  40|0x00000000a4a00000, 0x00000000a4a00000, 0x00000000a4b00000|  0%| F|  |TAMS 0x00000000a4a00000| PB 0x00000000a4a00000| Untracked |  0
|  41|0x00000000a4b00000, 0x00000000a4b00000, 0x00000000a4c00000|  0%| F|  |TAMS 0x00000000a4b00000| PB 0x00000000a4b00000| Untracked |  0
|  42|0x00000000a4c00000, 0x00000000a4c00000, 0x00000000a4d00000|  0%| F|  |TAMS 0x00000000a4c00000| PB 0x00000000a4c00000| Untracked |  0
|  43|0x00000000a4d00000, 0x00000000a4d00000, 0x00000000a4e00000|  0%| F|  |TAMS 0x00000000a4d00000| PB 0x00000000a4d00000| Untracked |  0
|  44|0x00000000a4e00000, 0x00000000a4e00000, 0x00000000a4f00000|  0%| F|  |TAMS 0x00000000a4e00000| PB 0x00000000a4e00000| Untracked |  0
|  45|0x00000000a4f00000, 0x00000000a4f00000, 0x00000000a5000000|  0%| F|  |TAMS 0x00000000a4f00000| PB 0x00000000a4f00000| Untracked |  0
|  46|0x00000000a5000000, 0x00000000a5000000, 0x00000000a5100000|  0%| F|  |TAMS 0x00000000a5000000| PB 0x00000000a5000000| Untracked |  0
|  47|0x00000000a5100000, 0x00000000a5100000, 0x00000000a5200000|  0%| F|  |TAMS 0x00000000a5100000| PB 0x00000000a5100000| Untracked |  0
|  48|0x00000000a5200000, 0x00000000a5200000, 0x00000000a5300000|  0%| F|  |TAMS 0x00000000a5200000| PB 0x00000000a5200000| Untracked |  0
|  49|0x00000000a5300000, 0x00000000a5300000, 0x00000000a5400000|  0%| F|  |TAMS 0x00000000a5300000| PB 0x00000000a5300000| Untracked |  0
|  50|0x00000000a5400000, 0x00000000a5400000, 0x00000000a5500000|  0%| F|  |TAMS 0x00000000a5400000| PB 0x00000000a5400000| Untracked |  0
|  51|0x00000000a5500000, 0x00000000a5500000, 0x00000000a5600000|  0%| F|  |TAMS 0x00000000a5500000| PB 0x00000000a5500000| Untracked |  0
|  52|0x00000000a5600000, 0x00000000a5600000, 0x00000000a5700000|  0%| F|  |TAMS 0x00000000a5600000| PB 0x00000000a5600000| Untracked |  0
|  53|0x00000000a5700000, 0x00000000a5700000, 0x00000000a5800000|  0%| F|  |TAMS 0x00000000a5700000| PB 0x00000000a5700000| Untracked |  0
|  54|0x00000000a5800000, 0x00000000a5800000, 0x00000000a5900000|  0%| F|  |TAMS 0x00000000a5800000| PB 0x00000000a5800000| Untracked |  0
|  55|0x00000000a5900000, 0x00000000a5900000, 0x00000000a5a00000|  0%| F|  |TAMS 0x00000000a5900000| PB 0x00000000a5900000| Untracked |  0
|  56|0x00000000a5a00000, 0x00000000a5a00000, 0x00000000a5b00000|  0%| F|  |TAMS 0x00000000a5a00000| PB 0x00000000a5a00000| Untracked |  0
|  57|0x00000000a5b00000, 0x00000000a5b00000, 0x00000000a5c00000|  0%| F|  |TAMS 0x00000000a5b00000| PB 0x00000000a5b00000| Untracked |  0
|  58|0x00000000a5c00000, 0x00000000a5c00000, 0x00000000a5d00000|  0%| F|  |TAMS 0x00000000a5c00000| PB 0x00000000a5c00000| Untracked |  0
|  59|0x00000000a5d00000, 0x00000000a5d00000, 0x00000000a5e00000|  0%| F|  |TAMS 0x00000000a5d00000| PB 0x00000000a5d00000| Untracked |  0
|  60|0x00000000a5e00000, 0x00000000a5e00000, 0x00000000a5f00000|  0%| F|  |TAMS 0x00000000a5e00000| PB 0x00000000a5e00000| Untracked |  0
|  61|0x00000000a5f00000, 0x00000000a5f00000, 0x00000000a6000000|  0%| F|  |TAMS 0x00000000a5f00000| PB 0x00000000a5f00000| Untracked |  0
|  62|0x00000000a6000000, 0x00000000a6000000, 0x00000000a6100000|  0%| F|  |TAMS 0x00000000a6000000| PB 0x00000000a6000000| Untracked |  0
|  63|0x00000000a6100000, 0x00000000a6100000, 0x00000000a6200000|  0%| F|  |TAMS 0x00000000a6100000| PB 0x00000000a6100000| Untracked |  0
|  64|0x00000000a6200000, 0x00000000a6200000, 0x00000000a6300000|  0%| F|  |TAMS 0x00000000a6200000| PB 0x00000000a6200000| Untracked |  0
|  65|0x00000000a6300000, 0x00000000a6300000, 0x00000000a6400000|  0%| F|  |TAMS 0x00000000a6300000| PB 0x00000000a6300000| Untracked |  0
|  66|0x00000000a6400000, 0x00000000a6400000, 0x00000000a6500000|  0%| F|  |TAMS 0x00000000a6400000| PB 0x00000000a6400000| Untracked |  0
|  67|0x00000000a6500000, 0x00000000a6600000, 0x00000000a6600000|100%| S|CS|TAMS 0x00000000a6500000| PB 0x00000000a6500000| Complete |  0
|  68|0x00000000a6600000, 0x00000000a6700000, 0x00000000a6700000|100%| S|CS|TAMS 0x00000000a6600000| PB 0x00000000a6600000| Complete |  0
|  69|0x00000000a6700000, 0x00000000a6800000, 0x00000000a6800000|100%| S|CS|TAMS 0x00000000a6700000| PB 0x00000000a6700000| Complete |  0
|  70|0x00000000a6800000, 0x00000000a6800000, 0x00000000a6900000|  0%| F|  |TAMS 0x00000000a6800000| PB 0x00000000a6800000| Untracked |  0
|  71|0x00000000a6900000, 0x00000000a6900000, 0x00000000a6a00000|  0%| F|  |TAMS 0x00000000a6900000| PB 0x00000000a6900000| Untracked |  0
|  72|0x00000000a6a00000, 0x00000000a6a00000, 0x00000000a6b00000|  0%| F|  |TAMS 0x00000000a6a00000| PB 0x00000000a6a00000| Untracked |  0
|  73|0x00000000a6b00000, 0x00000000a6b00000, 0x00000000a6c00000|  0%| F|  |TAMS 0x00000000a6b00000| PB 0x00000000a6b00000| Untracked |  0
|  74|0x00000000a6c00000, 0x00000000a6c00000, 0x00000000a6d00000|  0%| F|  |TAMS 0x00000000a6c00000| PB 0x00000000a6c00000| Untracked |  0
|  75|0x00000000a6d00000, 0x00000000a6d00000, 0x00000000a6e00000|  0%| F|  |TAMS 0x00000000a6d00000| PB 0x00000000a6d00000| Untracked |  0
|  76|0x00000000a6e00000, 0x00000000a6e00000, 0x00000000a6f00000|  0%| F|  |TAMS 0x00000000a6e00000| PB 0x00000000a6e00000| Untracked |  0
|  77|0x00000000a6f00000, 0x00000000a6f00000, 0x00000000a7000000|  0%| F|  |TAMS 0x00000000a6f00000| PB 0x00000000a6f00000| Untracked |  0
|  78|0x00000000a7000000, 0x00000000a7000000, 0x00000000a7100000|  0%| F|  |TAMS 0x00000000a7000000| PB 0x00000000a7000000| Untracked |  0
|  79|0x00000000a7100000, 0x00000000a7100000, 0x00000000a7200000|  0%| F|  |TAMS 0x00000000a7100000| PB 0x00000000a7100000| Untracked |  0
|  80|0x00000000a7200000, 0x00000000a7200000, 0x00000000a7300000|  0%| F|  |TAMS 0x00000000a7200000| PB 0x00000000a7200000| Untracked |  0
|  81|0x00000000a7300000, 0x00000000a7300000, 0x00000000a7400000|  0%| F|  |TAMS 0x00000000a7300000| PB 0x00000000a7300000| Untracked |  0
|  82|0x00000000a7400000, 0x00000000a747d060, 0x00000000a7500000| 48%| E|  |TAMS 0x00000000a7400000| PB 0x00000000a7400000| Complete |  0
|  83|0x00000000a7500000, 0x00000000a7600000, 0x00000000a7600000|100%| E|CS|TAMS 0x00000000a7500000| PB 0x00000000a7500000| Complete |  0
|  84|0x00000000a7600000, 0x00000000a7700000, 0x00000000a7700000|100%| E|CS|TAMS 0x00000000a7600000| PB 0x00000000a7600000| Complete |  0
|  85|0x00000000a7700000, 0x00000000a7800000, 0x00000000a7800000|100%| E|CS|TAMS 0x00000000a7700000| PB 0x00000000a7700000| Complete |  0
|  86|0x00000000a7800000, 0x00000000a7900000, 0x00000000a7900000|100%| E|CS|TAMS 0x00000000a7800000| PB 0x00000000a7800000| Complete |  0
|  87|0x00000000a7900000, 0x00000000a7a00000, 0x00000000a7a00000|100%| E|CS|TAMS 0x00000000a7900000| PB 0x00000000a7900000| Complete |  0
|  88|0x00000000a7a00000, 0x00000000a7b00000, 0x00000000a7b00000|100%| E|CS|TAMS 0x00000000a7a00000| PB 0x00000000a7a00000| Complete |  0
|  89|0x00000000a7b00000, 0x00000000a7c00000, 0x00000000a7c00000|100%| E|CS|TAMS 0x00000000a7b00000| PB 0x00000000a7b00000| Complete |  0
|  90|0x00000000a7c00000, 0x00000000a7d00000, 0x00000000a7d00000|100%| E|CS|TAMS 0x00000000a7c00000| PB 0x00000000a7c00000| Complete |  0
|  91|0x00000000a7d00000, 0x00000000a7e00000, 0x00000000a7e00000|100%| E|CS|TAMS 0x00000000a7d00000| PB 0x00000000a7d00000| Complete |  0
|  92|0x00000000a7e00000, 0x00000000a7f00000, 0x00000000a7f00000|100%| E|CS|TAMS 0x00000000a7e00000| PB 0x00000000a7e00000| Complete |  0
|  93|0x00000000a7f00000, 0x00000000a8000000, 0x00000000a8000000|100%| E|CS|TAMS 0x00000000a7f00000| PB 0x00000000a7f00000| Complete |  0

Card table byte_map: [0x0000016b67640000,0x0000016b67930000] _byte_map_base: 0x0000016b6712f000

Marking Bits: (CMBitMap*) 0x0000016b4fb06580
 Bits: [0x0000016b67930000, 0x0000016b690a8000)

Polling page: 0x0000016b4da10000

Metaspace:

Usage:
  Non-class:     11.43 MB used.
      Class:      1.63 MB used.
       Both:     13.06 MB used.

Virtual space:
  Non-class space:       64.00 MB reserved,      11.62 MB ( 18%) committed,  1 nodes.
      Class space:        1.00 GB reserved,       1.75 MB ( <1%) committed,  1 nodes.
             Both:        1.06 GB reserved,      13.38 MB (  1%) committed. 

Chunk freelists:
   Non-Class:  4.22 MB
       Class:  14.14 MB
        Both:  18.36 MB

MaxMetaspaceSize: unlimited
CompressedClassSpaceSize: 1.00 GB
Initial GC threshold: 21.00 MB
Current GC threshold: 21.00 MB
CDS: on
 - commit_granule_bytes: 65536.
 - commit_granule_words: 8192.
 - virtual_space_node_default_size: 8388608.
 - enlarge_chunks_in_place: 1.
 - use_allocation_guard: 0.


Internal statistics:

num_allocs_failed_limit: 0.
num_arena_births: 338.
num_arena_deaths: 0.
num_vsnodes_births: 2.
num_vsnodes_deaths: 0.
num_space_committed: 214.
num_space_uncommitted: 0.
num_chunks_returned_to_freelist: 0.
num_chunks_taken_from_freelist: 661.
num_chunk_merges: 0.
num_chunk_splits: 400.
num_chunks_enlarged: 246.
num_inconsistent_stats: 0.

CodeHeap 'non-profiled nmethods': size=120000Kb used=583Kb max_used=583Kb free=119417Kb
 bounds [0x0000016b5f8d0000, 0x0000016b5fb40000, 0x0000016b66e00000]
CodeHeap 'profiled nmethods': size=120000Kb used=3404Kb max_used=3404Kb free=116595Kb
 bounds [0x0000016b57e00000, 0x0000016b58160000, 0x0000016b5f330000]
CodeHeap 'non-nmethods': size=5760Kb used=1489Kb max_used=1496Kb free=4270Kb
 bounds [0x0000016b5f330000, 0x0000016b5f5a0000, 0x0000016b5f8d0000]
 total_blobs=2400 nmethods=1832 adapters=473
 compilation: enabled
              stopped_count=0, restarted_count=0
 full_count=0

Compilation events (20 events):
Event: 5.511 Thread 0x0000016b6bd22ae0 1766       3       java.nio.MappedByteBuffer::position (6 bytes)
Event: 5.511 Thread 0x0000016b6bd22ae0 nmethod 1766 0x0000016b58132090 code [0x0000016b58132240, 0x0000016b58132450]
Event: 5.512 Thread 0x0000016b6bd22ae0 1767   !   3       java.lang.Class::desiredAssertionStatus (54 bytes)
Event: 5.512 Thread 0x0000016b6bd22ae0 nmethod 1767 0x0000016b58132590 code [0x0000016b58132780, 0x0000016b58132c90]
Event: 5.517 Thread 0x0000016b6bd22ae0 1769       1       sun.nio.fs.NativeBuffer::setOwner (6 bytes)
Event: 5.518 Thread 0x0000016b6bd22ae0 nmethod 1769 0x0000016b5f960110 code [0x0000016b5f9602a0, 0x0000016b5f9603b0]
Event: 6.536 Thread 0x0000016b6bd22ae0 1770       3       java.util.HashMap::tableSizeFor (32 bytes)
Event: 6.537 Thread 0x0000016b6bd22ae0 nmethod 1770 0x0000016b58132e90 code [0x0000016b58133040, 0x0000016b58133240]
Event: 6.537 Thread 0x0000016b6bd22ae0 1771       3       java.nio.CharBuffer::arrayOffset (35 bytes)
Event: 6.538 Thread 0x0000016b6bd22ae0 nmethod 1771 0x0000016b58133310 code [0x0000016b581334e0, 0x0000016b581337b0]
Event: 6.541 Thread 0x0000016b6bd22ae0 1772       3       java.security.SecureClassLoader::defineClass (16 bytes)
Event: 6.541 Thread 0x0000016b6bd22ae0 nmethod 1772 0x0000016b58133910 code [0x0000016b58133ac0, 0x0000016b58133c68]
Event: 6.544 Thread 0x0000016b6bd22ae0 1773       3       java.io.WinNTFileSystem::normalize (224 bytes)
Event: 6.547 Thread 0x0000016b6bd22ae0 nmethod 1773 0x0000016b58133d90 code [0x0000016b58134160, 0x0000016b58135b98]
Event: 6.547 Thread 0x0000016b6bd22ae0 1774       3       java.util.concurrent.locks.AbstractQueuedSynchronizer::<init> (5 bytes)
Event: 6.547 Thread 0x0000016b6bd22ae0 nmethod 1774 0x0000016b58136590 code [0x0000016b58136740, 0x0000016b58136908]
Event: 6.548 Thread 0x0000016b6bd22ae0 1775       3       java.util.concurrent.locks.AbstractOwnableSynchronizer::<init> (5 bytes)
Event: 6.548 Thread 0x0000016b6bd22ae0 nmethod 1775 0x0000016b58136a10 code [0x0000016b58136ba0, 0x0000016b58136d08]
Event: 7.567 Thread 0x0000016b6bd22ae0 1777       3       java.lang.Module::allows (60 bytes)
Event: 7.568 Thread 0x0000016b6bd22ae0 nmethod 1777 0x0000016b58136e10 code [0x0000016b58137020, 0x0000016b58137620]

GC Heap History (2 events):
Event: 2.070 GC heap before
{Heap before GC invocations=0 (full 0):
 garbage-first heap   total reserved 1538048K, committed 96256K, used 23552K [0x00000000a2200000, 0x0000000100000000)
  region size 1024K, 24 young (24576K), 0 survivors (0K)
 Metaspace       used 9610K, committed 9920K, reserved 1114112K
  class space    used 1132K, committed 1280K, reserved 1048576K
}
Event: 2.080 GC heap after
{Heap after GC invocations=1 (full 0):
 garbage-first heap   total reserved 1538048K, committed 96256K, used 5520K [0x00000000a2200000, 0x0000000100000000)
  region size 1024K, 3 young (3072K), 3 survivors (3072K)
 Metaspace       used 9610K, committed 9920K, reserved 1114112K
  class space    used 1132K, committed 1280K, reserved 1048576K
}

Dll operation events (8 events):
Event: 0.018 Loaded shared library C:\Program Files\Java\jdk-22\bin\java.dll
Event: 0.063 Loaded shared library C:\Program Files\Java\jdk-22\bin\jsvml.dll
Event: 0.140 Loaded shared library C:\Program Files\Java\jdk-22\bin\net.dll
Event: 0.143 Loaded shared library C:\Program Files\Java\jdk-22\bin\nio.dll
Event: 0.148 Loaded shared library C:\Program Files\Java\jdk-22\bin\zip.dll
Event: 0.266 Loaded shared library C:\Program Files\Java\jdk-22\bin\jimage.dll
Event: 0.345 Loaded shared library C:\Program Files\Java\jdk-22\bin\extnet.dll
Event: 1.822 Loaded shared library C:\Program Files\Java\jdk-22\bin\sunmscapi.dll

Deoptimization events (20 events):
Event: 2.187 Thread 0x0000016b4fabf1f0 Uncommon trap: trap_request=0xffffffde fr.pc=0x0000016b5f94cd30 relative=0x0000000000000110
Event: 2.187 Thread 0x0000016b4fabf1f0 Uncommon trap: reason=class_check action=maybe_recompile pc=0x0000016b5f94cd30 method=jdk.internal.misc.Unsafe.allocateUninitializedArray(Ljava/lang/Class;I)Ljava/lang/Object; @ 51 c2
Event: 2.187 Thread 0x0000016b4fabf1f0 DEOPT PACKING pc=0x0000016b5f94cd30 sp=0x00000065fcdfd450
Event: 2.187 Thread 0x0000016b4fabf1f0 DEOPT UNPACKING pc=0x0000016b5f3846a2 sp=0x00000065fcdfd3c8 mode 2
Event: 2.187 Thread 0x0000016b4fabf1f0 Uncommon trap: trap_request=0xffffffde fr.pc=0x0000016b5f94cd30 relative=0x0000000000000110
Event: 2.187 Thread 0x0000016b4fabf1f0 Uncommon trap: reason=class_check action=maybe_recompile pc=0x0000016b5f94cd30 method=jdk.internal.misc.Unsafe.allocateUninitializedArray(Ljava/lang/Class;I)Ljava/lang/Object; @ 51 c2
Event: 2.187 Thread 0x0000016b4fabf1f0 DEOPT PACKING pc=0x0000016b5f94cd30 sp=0x00000065fcdfd3c0
Event: 2.187 Thread 0x0000016b4fabf1f0 DEOPT UNPACKING pc=0x0000016b5f3846a2 sp=0x00000065fcdfd338 mode 2
Event: 2.187 Thread 0x0000016b4fabf1f0 Uncommon trap: trap_request=0xffffffde fr.pc=0x0000016b5f94cd30 relative=0x0000000000000110
Event: 2.187 Thread 0x0000016b4fabf1f0 Uncommon trap: reason=class_check action=maybe_recompile pc=0x0000016b5f94cd30 method=jdk.internal.misc.Unsafe.allocateUninitializedArray(Ljava/lang/Class;I)Ljava/lang/Object; @ 51 c2
Event: 2.187 Thread 0x0000016b4fabf1f0 DEOPT PACKING pc=0x0000016b5f94cd30 sp=0x00000065fcdfd380
Event: 2.187 Thread 0x0000016b4fabf1f0 DEOPT UNPACKING pc=0x0000016b5f3846a2 sp=0x00000065fcdfd2f8 mode 2
Event: 2.187 Thread 0x0000016b4fabf1f0 Uncommon trap: trap_request=0xffffffde fr.pc=0x0000016b5f94cd30 relative=0x0000000000000110
Event: 2.187 Thread 0x0000016b4fabf1f0 Uncommon trap: reason=class_check action=maybe_recompile pc=0x0000016b5f94cd30 method=jdk.internal.misc.Unsafe.allocateUninitializedArray(Ljava/lang/Class;I)Ljava/lang/Object; @ 51 c2
Event: 2.187 Thread 0x0000016b4fabf1f0 DEOPT PACKING pc=0x0000016b5f94cd30 sp=0x00000065fcdfd440
Event: 2.187 Thread 0x0000016b4fabf1f0 DEOPT UNPACKING pc=0x0000016b5f3846a2 sp=0x00000065fcdfd3b8 mode 2
Event: 4.374 Thread 0x0000016b4fabf1f0 Uncommon trap: trap_request=0xffffffde fr.pc=0x0000016b5f91ec54 relative=0x0000000000000614
Event: 4.374 Thread 0x0000016b4fabf1f0 Uncommon trap: reason=class_check action=maybe_recompile pc=0x0000016b5f91ec54 method=java.util.HashMap.putVal(ILjava/lang/Object;Ljava/lang/Object;ZZ)Ljava/lang/Object; @ 253 c2
Event: 4.374 Thread 0x0000016b4fabf1f0 DEOPT PACKING pc=0x0000016b5f91ec54 sp=0x00000065fcdfe1d0
Event: 4.374 Thread 0x0000016b4fabf1f0 DEOPT UNPACKING pc=0x0000016b5f3846a2 sp=0x00000065fcdfe170 mode 2

Classes loaded (20 events):
Event: 7.571 Loading class java/util/logging/ConsoleHandler
Event: 7.571 Loading class java/util/logging/StreamHandler
Event: 7.571 Loading class java/util/logging/StreamHandler done
Event: 7.571 Loading class java/util/logging/ConsoleHandler done
Event: 7.572 Loading class java/util/logging/SimpleFormatter
Event: 7.572 Loading class java/util/logging/Formatter
Event: 7.572 Loading class java/util/logging/Formatter done
Event: 7.572 Loading class java/util/logging/SimpleFormatter done
Event: 7.572 Loading class jdk/internal/logger/SurrogateLogger
Event: 7.572 Loading class jdk/internal/logger/SimpleConsoleLogger
Event: 7.572 Loading class jdk/internal/logger/SimpleConsoleLogger done
Event: 7.572 Loading class jdk/internal/logger/SurrogateLogger done
Event: 7.573 Loading class jdk/internal/logger/SimpleConsoleLogger$Formatting
Event: 7.573 Loading class jdk/internal/logger/SimpleConsoleLogger$Formatting done
Event: 7.573 Loading class java/util/logging/Handler$1
Event: 7.573 Loading class java/util/logging/Handler$1 done
Event: 7.573 Loading class java/util/logging/StreamHandler$1
Event: 7.573 Loading class java/util/logging/StreamHandler$1 done
Event: 7.574 Loading class java/util/logging/LogManager$CloseOnReset
Event: 7.574 Loading class java/util/logging/LogManager$CloseOnReset done

Classes unloaded (0 events):
No events

Classes redefined (0 events):
No events

Internal exceptions (20 events):
Event: 1.539 Thread 0x0000016b4fabf1f0 Exception <a 'java/lang/NoSuchMethodError'{0x00000000a7557ed8}: 'java.lang.Object java.lang.invoke.Invokers$Holder.invokeExact_MT(java.lang.Object, java.lang.Object, java.lang.Object, java.lang.Object, java.lang.Object, java.lang.Object)'> (0x00000000a7557ed8) 
thrown [s\open\src\hotspot\share\interpreter\linkResolver.cpp, line 774]
Event: 1.622 Thread 0x0000016b4fabf1f0 Exception <a 'sun/nio/fs/WindowsException'{0x00000000a746d2e8}> (0x00000000a746d2e8) 
thrown [s\open\src\hotspot\share\prims\jni.cpp, line 520]
Event: 1.689 Thread 0x0000016b4fabf1f0 Exception <a 'java/lang/NoSuchMethodError'{0x00000000a7294888}: 'void java.lang.invoke.DirectMethodHandle$Holder.invokeVirtual(java.lang.Object, java.lang.Object)'> (0x00000000a7294888) 
thrown [s\open\src\hotspot\share\interpreter\linkResolver.cpp, line 774]
Event: 1.752 Thread 0x0000016b4fabf1f0 Exception <a 'java/lang/NoSuchMethodError'{0x00000000a6eb0740}: 'java.lang.Object java.lang.invoke.DirectMethodHandle$Holder.invokeStaticInit(java.lang.Object, int, int, int, int)'> (0x00000000a6eb0740) 
thrown [s\open\src\hotspot\share\interpreter\linkResolver.cpp, line 774]
Event: 1.786 Thread 0x0000016b4fabf1f0 Exception <a 'java/lang/NoSuchMethodError'{0x00000000a6d7af48}: 'java.lang.Object java.lang.invoke.DirectMethodHandle$Holder.invokeStaticInit(java.lang.Object, java.lang.Object, int, int, int, int)'> (0x00000000a6d7af48) 
thrown [s\open\src\hotspot\share\interpreter\linkResolver.cpp, line 774]
Event: 1.916 Thread 0x0000016b4fabf1f0 Exception <a 'java/lang/NoSuchMethodError'{0x00000000a6baabf0}: 'java.lang.Object java.lang.invoke.DirectMethodHandle$Holder.invokeInterface(java.lang.Object, java.lang.Object, java.lang.Object)'> (0x00000000a6baabf0) 
thrown [s\open\src\hotspot\share\interpreter\linkResolver.cpp, line 774]
Event: 1.916 Thread 0x0000016b4fabf1f0 Exception <a 'java/lang/IncompatibleClassChangeError'{0x00000000a6badfe8}: Found class java.lang.Object, but interface was expected> (0x00000000a6badfe8) 
thrown [s\open\src\hotspot\share\interpreter\linkResolver.cpp, line 841]
Event: 1.918 Thread 0x0000016b4fabf1f0 Exception <a 'java/lang/NoSuchMethodError'{0x00000000a6bb5420}: 'int java.lang.invoke.DirectMethodHandle$Holder.invokeSpecialIFC(java.lang.Object, java.lang.Object, java.lang.Object, java.lang.Object)'> (0x00000000a6bb5420) 
thrown [s\open\src\hotspot\share\interpreter\linkResolver.cpp, line 774]
Event: 1.934 Thread 0x0000016b4fabf1f0 Exception <a 'java/lang/NoSuchMethodError'{0x00000000a6a13588}: 'java.lang.Object java.lang.invoke.DirectMethodHandle$Holder.invokeVirtual(java.lang.Object, java.lang.Object, java.lang.Object, java.lang.Object)'> (0x00000000a6a13588) 
thrown [s\open\src\hotspot\share\interpreter\linkResolver.cpp, line 774]
Event: 1.965 Thread 0x0000016b460a9aa0 Exception <a 'java/net/ConnectException'{0x00000000a6985b70}: Connection refused: getsockopt> (0x00000000a6985b70) 
thrown [s\open\src\hotspot\share\prims\jni.cpp, line 539]
Event: 1.980 Thread 0x0000016b460a9aa0 Exception <a 'java/net/ConnectException'{0x00000000a6986c68}: Connection refused: getsockopt> (0x00000000a6986c68) 
thrown [s\open\src\hotspot\share\prims\jni.cpp, line 539]
Event: 2.062 Thread 0x0000016b4fabf1f0 Exception <a 'java/lang/NoSuchMethodError'{0x00000000a68ab6b0}: 'java.lang.Object java.lang.invoke.DirectMethodHandle$Holder.newInvokeSpecial(java.lang.Object, java.lang.Object, int, int)'> (0x00000000a68ab6b0) 
thrown [s\open\src\hotspot\share\interpreter\linkResolver.cpp, line 774]
Event: 2.063 Thread 0x0000016b4fabf1f0 Exception <a 'java/lang/NoSuchMethodError'{0x00000000a68b5af8}: 'void java.lang.invoke.DirectMethodHandle$Holder.invokeStatic(java.lang.Object, java.lang.Object, int)'> (0x00000000a68b5af8) 
thrown [s\open\src\hotspot\share\interpreter\linkResolver.cpp, line 774]
Event: 2.106 Thread 0x0000016b4fabf1f0 Exception <a 'java/lang/NoSuchMethodError'{0x00000000a7e1f0e0}: 'java.lang.Object java.lang.invoke.DirectMethodHandle$Holder.newInvokeSpecial(java.lang.Object, java.lang.Object, java.lang.Object, java.lang.Object, java.lang.Object)'> (0x00000000a7e1f0e0) 
thrown [s\open\src\hotspot\share\interpreter\linkResolver.cpp, line 774]
Event: 2.187 Thread 0x0000016b4fabf1f0 Exception <a 'java/lang/NoSuchMethodError'{0x00000000a7c37268}: 'void java.lang.invoke.DirectMethodHandle$Holder.invokeSpecial(java.lang.Object, java.lang.Object, java.lang.Object)'> (0x00000000a7c37268) 
thrown [s\open\src\hotspot\share\interpreter\linkResolver.cpp, line 774]
Event: 2.222 Thread 0x0000016b460aae50 Exception <a 'java/lang/NoSuchMethodError'{0x00000000a7b2d130}: 'java.lang.Object java.lang.invoke.DirectMethodHandle$Holder.invokeSpecial(java.lang.Object, java.lang.Object, java.lang.Object, java.lang.Object, int)'> (0x00000000a7b2d130) 
thrown [s\open\src\hotspot\share\interpreter\linkResolver.cpp, line 774]
Event: 2.222 Thread 0x0000016b460aae50 Exception <a 'java/lang/NoSuchMethodError'{0x00000000a7b30a88}: 'java.lang.Object java.lang.invoke.Invokers$Holder.linkToTargetMethod(java.lang.Object, java.lang.Object, int, java.lang.Object)'> (0x00000000a7b30a88) 
thrown [s\open\src\hotspot\share\interpreter\linkResolver.cpp, line 774]
Event: 2.239 Thread 0x0000016b460aae50 Exception <a 'java/lang/NoSuchMethodError'{0x00000000a7b71ab0}: 'void java.lang.invoke.DirectMethodHandle$Holder.invokeSpecial(java.lang.Object, java.lang.Object, java.lang.Object, java.lang.Object, java.lang.Object)'> (0x00000000a7b71ab0) 
thrown [s\open\src\hotspot\share\interpreter\linkResolver.cpp, line 774]
Event: 4.260 Thread 0x0000016b460aae50 Exception <a 'java/lang/NoSuchMethodError'{0x00000000a7a7cb48}: 'void java.lang.invoke.DirectMethodHandle$Holder.invokeSpecial(java.lang.Object, java.lang.Object, java.lang.Object, java.lang.Object, java.lang.Object, java.lang.Object, java.lang.Object)'> (0x00000000a7a7cb48) 
thrown [s\open\src\hotspot\share\interpreter\linkResolver.cpp, line 774]
Event: 4.366 Thread 0x0000016b4fabf1f0 Exception <a 'java/lang/NoSuchMethodError'{0x00000000a79e34d0}: 'java.lang.Object java.lang.invoke.DirectMethodHandle$Holder.invokeSpecialIFC(java.lang.Object, java.lang.Object, java.lang.Object)'> (0x00000000a79e34d0) 
thrown [s\open\src\hotspot\share\interpreter\linkResolver.cpp, line 774]

ZGC Phase Switch (0 events):
No events

VM Operations (20 events):
Event: 2.016 Executing VM operation: HandshakeAllThreads (Deoptimize)
Event: 2.016 Executing VM operation: HandshakeAllThreads (Deoptimize) done
Event: 2.028 Executing VM operation: HandshakeAllThreads (Deoptimize)
Event: 2.028 Executing VM operation: HandshakeAllThreads (Deoptimize) done
Event: 2.070 Executing VM operation: G1CollectForAllocation (G1 Evacuation Pause)
Event: 2.080 Executing VM operation: G1CollectForAllocation (G1 Evacuation Pause) done
Event: 2.087 Executing VM operation: HandshakeAllThreads (Deoptimize)
Event: 2.087 Executing VM operation: HandshakeAllThreads (Deoptimize) done
Event: 3.088 Executing VM operation: Cleanup
Event: 3.088 Executing VM operation: Cleanup done
Event: 4.238 Executing VM operation: HandshakeAllThreads (Deoptimize)
Event: 4.238 Executing VM operation: HandshakeAllThreads (Deoptimize) done
Event: 4.241 Executing VM operation: HandshakeAllThreads (Deoptimize)
Event: 4.241 Executing VM operation: HandshakeAllThreads (Deoptimize) done
Event: 5.244 Executing VM operation: Cleanup
Event: 5.494 Executing VM operation: Cleanup done
Event: 7.519 Executing VM operation: Cleanup
Event: 7.519 Executing VM operation: Cleanup done
Event: 8.529 Executing VM operation: Cleanup
Event: 8.529 Executing VM operation: Cleanup done

Events (20 events):
Event: 1.332 Thread 0x0000016b4543a660 Thread exited: 0x0000016b4543a660
Event: 1.339 Thread 0x0000016b6bce92c0 Thread exited: 0x0000016b6bce92c0
Event: 1.443 Thread 0x0000016b6bceb390 Thread added: 0x0000016b6bceb390
Event: 1.593 Thread 0x0000016b4575c800 Thread added: 0x0000016b4575c800
Event: 1.860 Thread 0x0000016b6bce92c0 Thread added: 0x0000016b6bce92c0
Event: 1.943 Thread 0x0000016b460aa7c0 Thread added: 0x0000016b460aa7c0
Event: 1.945 Thread 0x0000016b460a9410 Thread added: 0x0000016b460a9410
Event: 1.947 Thread 0x0000016b460a86f0 Thread added: 0x0000016b460a86f0
Event: 1.956 Thread 0x0000016b460a9aa0 Thread added: 0x0000016b460a9aa0
Event: 2.016 Thread 0x0000016b460a8060 Thread added: 0x0000016b460a8060
Event: 2.209 Thread 0x0000016b460aae50 Thread added: 0x0000016b460aae50
Event: 2.255 Thread 0x0000016b460ab4e0 Thread added: 0x0000016b460ab4e0
Event: 2.256 Thread 0x0000016b460abb70 Thread added: 0x0000016b460abb70
Event: 4.236 Thread 0x0000016b4575c800 Thread exited: 0x0000016b4575c800
Event: 4.437 Thread 0x0000016b462e6360 Thread added: 0x0000016b462e6360
Event: 4.439 Thread 0x0000016b460aa130 Thread added: 0x0000016b460aa130
Event: 4.440 Thread 0x0000016b460ac200 Thread added: 0x0000016b460ac200
Event: 4.443 Thread 0x0000016b460a8d80 Thread added: 0x0000016b460a8d80
Event: 4.444 Thread 0x0000016b460ac890 Thread added: 0x0000016b460ac890
Event: 6.537 Thread 0x0000016b462e6360 Thread exited: 0x0000016b462e6360


Dynamic libraries:
0x00007ff622f80000 - 0x00007ff622f90000 	C:\Program Files\Java\jdk-22\bin\javaw.exe
0x00007ffbf8f20000 - 0x00007ffbf9187000 	C:\WINDOWS\SYSTEM32\ntdll.dll
0x00007ffbf7220000 - 0x00007ffbf72e9000 	C:\WINDOWS\System32\KERNEL32.DLL
0x00007ffbf6200000 - 0x00007ffbf65f0000 	C:\WINDOWS\System32\KERNELBASE.dll
0x00007ffbf6b60000 - 0x00007ffbf6cab000 	C:\WINDOWS\System32\ucrtbase.dll
0x00007ffbe7420000 - 0x00007ffbe743b000 	C:\Program Files\Java\jdk-22\bin\VCRUNTIME140.dll
0x00007ffbe7a80000 - 0x00007ffbe7a97000 	C:\Program Files\Java\jdk-22\bin\jli.dll
0x00007ffbf6da0000 - 0x00007ffbf6e54000 	C:\WINDOWS\System32\ADVAPI32.dll
0x00007ffbf7170000 - 0x00007ffbf7219000 	C:\WINDOWS\System32\msvcrt.dll
0x00007ffbf78a0000 - 0x00007ffbf7946000 	C:\WINDOWS\System32\sechost.dll
0x00007ffbf6ec0000 - 0x00007ffbf6fd8000 	C:\WINDOWS\System32\RPCRT4.dll
0x00007ffbf7690000 - 0x00007ffbf7855000 	C:\WINDOWS\System32\USER32.dll
0x00007ffbf61d0000 - 0x00007ffbf61f7000 	C:\WINDOWS\System32\win32u.dll
0x00007ffbf7870000 - 0x00007ffbf789b000 	C:\WINDOWS\System32\GDI32.dll
0x00007ffbf6690000 - 0x00007ffbf67c8000 	C:\WINDOWS\System32\gdi32full.dll
0x00007ffbdfdf0000 - 0x00007ffbe008a000 	C:\WINDOWS\WinSxS\amd64_microsoft.windows.common-controls_6595b64144ccf1df_6.0.26100.4768_none_3e0c112ce331287c\COMCTL32.dll
0x00007ffbf67d0000 - 0x00007ffbf6873000 	C:\WINDOWS\System32\msvcp_win.dll
0x00007ffbe0cf0000 - 0x00007ffbe0cfb000 	C:\WINDOWS\SYSTEM32\VERSION.dll
0x00007ffbf8ea0000 - 0x00007ffbf8ecf000 	C:\WINDOWS\System32\IMM32.DLL
0x00007ffbee2e0000 - 0x00007ffbee2ec000 	C:\Program Files\Java\jdk-22\bin\vcruntime140_1.dll
0x00007ffbd6520000 - 0x00007ffbd65ae000 	C:\Program Files\Java\jdk-22\bin\msvcp140.dll
0x00007ffba1830000 - 0x00007ffba2577000 	C:\Program Files\Java\jdk-22\bin\server\jvm.dll
0x00007ffbf88b0000 - 0x00007ffbf8924000 	C:\WINDOWS\System32\WS2_32.dll
0x00007ffbf5eb0000 - 0x00007ffbf5f0e000 	C:\WINDOWS\SYSTEM32\POWRPROF.dll
0x00007ffbe00c0000 - 0x00007ffbe00f5000 	C:\WINDOWS\SYSTEM32\WINMM.dll
0x00007ffbf5e90000 - 0x00007ffbf5ea4000 	C:\WINDOWS\SYSTEM32\UMPDC.dll
0x00007ffbf4dd0000 - 0x00007ffbf4deb000 	C:\WINDOWS\SYSTEM32\kernel.appcore.dll
0x00007ffbe6c50000 - 0x00007ffbe6c5a000 	C:\Program Files\Java\jdk-22\bin\jimage.dll
0x00007ffbf39b0000 - 0x00007ffbf3bf1000 	C:\WINDOWS\SYSTEM32\DBGHELP.DLL
0x00007ffbf8940000 - 0x00007ffbf8cc5000 	C:\WINDOWS\System32\combase.dll
0x00007ffbf8cd0000 - 0x00007ffbf8db0000 	C:\WINDOWS\System32\OLEAUT32.dll
0x00007ffbde4f0000 - 0x00007ffbde533000 	C:\WINDOWS\SYSTEM32\dbgcore.DLL
0x00007ffbf6a00000 - 0x00007ffbf6a99000 	C:\WINDOWS\System32\bcryptPrimitives.dll
0x00007ffba3640000 - 0x00007ffba365e000 	C:\Program Files\Java\jdk-22\bin\java.dll
0x00007ffbf7f70000 - 0x00007ffbf86bd000 	C:\WINDOWS\System32\SHELL32.dll
0x00007ffbf6050000 - 0x00007ffbf61c3000 	C:\WINDOWS\System32\wintypes.dll
0x00007ffbf72f0000 - 0x00007ffbf7490000 	C:\WINDOWS\System32\ole32.dll
0x00007ffbf3c70000 - 0x00007ffbf44d0000 	C:\WINDOWS\SYSTEM32\windows.storage.dll
0x00007ffbf7df0000 - 0x00007ffbf7ee5000 	C:\WINDOWS\System32\SHCORE.dll
0x00007ffbf7100000 - 0x00007ffbf716a000 	C:\WINDOWS\System32\shlwapi.dll
0x00007ffbf5f70000 - 0x00007ffbf5f99000 	C:\WINDOWS\SYSTEM32\profapi.dll
0x00007ffba3560000 - 0x00007ffba3637000 	C:\Program Files\Java\jdk-22\bin\jsvml.dll
0x00007ffbe5b10000 - 0x00007ffbe5b20000 	C:\Program Files\Java\jdk-22\bin\net.dll
0x00007ffbf5360000 - 0x00007ffbf53cb000 	C:\WINDOWS\system32\mswsock.dll
0x00007ffba3540000 - 0x00007ffba3556000 	C:\Program Files\Java\jdk-22\bin\nio.dll
0x00007ffba3520000 - 0x00007ffba3537000 	C:\Program Files\Java\jdk-22\bin\zip.dll
0x00007ffbf0250000 - 0x00007ffbf0259000 	C:\Program Files\Java\jdk-22\bin\extnet.dll
0x00007ffbf48d0000 - 0x00007ffbf49f6000 	C:\WINDOWS\SYSTEM32\DNSAPI.dll
0x00007ffbf4830000 - 0x00007ffbf4863000 	C:\WINDOWS\SYSTEM32\IPHLPAPI.DLL
0x00007ffbf8930000 - 0x00007ffbf893a000 	C:\WINDOWS\System32\NSI.dll
0x00007ffbe2850000 - 0x00007ffbe285b000 	C:\Windows\System32\rasadhlp.dll
0x00007ffbe54e0000 - 0x00007ffbe5566000 	C:\WINDOWS\System32\fwpuclnt.dll
0x00007ffbf5630000 - 0x00007ffbf564b000 	C:\WINDOWS\SYSTEM32\CRYPTSP.dll
0x00007ffbf4d30000 - 0x00007ffbf4d6b000 	C:\WINDOWS\system32\rsaenh.dll
0x00007ffbf5400000 - 0x00007ffbf542b000 	C:\WINDOWS\SYSTEM32\USERENV.dll
0x00007ffbf5f40000 - 0x00007ffbf5f66000 	C:\WINDOWS\SYSTEM32\bcrypt.dll
0x00007ffbf5620000 - 0x00007ffbf562c000 	C:\WINDOWS\SYSTEM32\CRYPTBASE.dll
0x00007ffbed430000 - 0x00007ffbed43e000 	C:\Program Files\Java\jdk-22\bin\sunmscapi.dll
0x00007ffbf6880000 - 0x00007ffbf69f7000 	C:\WINDOWS\System32\CRYPT32.dll
0x00007ffbf5840000 - 0x00007ffbf5870000 	C:\WINDOWS\SYSTEM32\ncrypt.dll
0x00007ffbf57f0000 - 0x00007ffbf582f000 	C:\WINDOWS\SYSTEM32\NTASN1.dll
0x00007ffb4d2b0000 - 0x00007ffb4d2b8000 	C:\WINDOWS\system32\wshunix.dll

dbghelp: loaded successfully - version: 4.0.5 - missing functions: none
symbol engine: initialized successfully - sym options: 0x614 - pdb path: .;C:\Program Files\Java\jdk-22\bin;C:\WINDOWS\SYSTEM32;C:\WINDOWS\WinSxS\amd64_microsoft.windows.common-controls_6595b64144ccf1df_6.0.26100.4768_none_3e0c112ce331287c;C:\Program Files\Java\jdk-22\bin\server

VM Arguments:
jvm_args: -Dfile.encoding=UTF-8 -Dstdout.encoding=UTF-8 -Dstderr.encoding=UTF-8 -XX:+ShowCodeDetailsInExceptionMessages 
java_command: Tutorial11.orange
java_class_path (initial): C:\Users\Prerana\OneDrive\Documents\GitHub\Selenium\SeleniumTutorial\target\classes;C:\Users\Prerana\.m2\repository\org\seleniumhq\selenium\selenium-java\4.16.1\selenium-java-4.16.1.jar;C:\Users\Prerana\.m2\repository\org\seleniumhq\selenium\selenium-api\4.16.1\selenium-api-4.16.1.jar;C:\Users\Prerana\.m2\repository\org\seleniumhq\selenium\selenium-chrome-driver\4.16.1\selenium-chrome-driver-4.16.1.jar;C:\Users\Prerana\.m2\repository\com\google\auto\service\auto-service-annotations\1.1.1\auto-service-annotations-1.1.1.jar;C:\Users\Prerana\.m2\repository\org\seleniumhq\selenium\selenium-chromium-driver\4.16.1\selenium-chromium-driver-4.16.1.jar;C:\Users\Prerana\.m2\repository\org\seleniumhq\selenium\selenium-json\4.16.1\selenium-json-4.16.1.jar;C:\Users\Prerana\.m2\repository\org\seleniumhq\selenium\selenium-manager\4.16.1\selenium-manager-4.16.1.jar;C:\Users\Prerana\.m2\repository\org\seleniumhq\selenium\selenium-devtools-v118\4.16.1\selenium-devtools-v118-4.16.1.jar;C:\Users\Prerana\.m2\repository\org\seleniumhq\selenium\selenium-devtools-v119\4.16.1\selenium-devtools-v119-4.16.1.jar;C:\Users\Prerana\.m2\repository\org\seleniumhq\selenium\selenium-devtools-v120\4.16.1\selenium-devtools-v120-4.16.1.jar;C:\Users\Prerana\.m2\repository\org\seleniumhq\selenium\selenium-devtools-v85\4.16.1\selenium-devtools-v85-4.16.1.jar;C:\Users\Prerana\.m2\repository\org\seleniumhq\selenium\selenium-edge-driver\4.16.1\selenium-edge-driver-4.16.1.jar;C:\Users\Prerana\.m2\repository\org\seleniumhq\selenium\selenium-firefox-driver\4.16.1\selenium-firefox-driver-4.16.1.jar;C:\Users\Prerana\.m2\repository\org\seleniumhq\selenium\selenium-http\4.16.1\selenium-http-4.16.1.jar;C:\Users\Prerana\.m2\repository\dev\failsafe\failsafe\3.3.2\failsafe-3.3.2.jar;C:\Users\Prerana\.m2\repository\org\seleniumhq\selenium\selenium-ie-driver\4.16.1\selenium-ie-driver-4.16.1.jar;C:\Users\Prerana\.m2\repository\org\seleniumhq\selenium\selenium-remote-driver\4.16.1\selenium-remote-driver-4.16.1.jar;C:\Users\Prerana\.m2\repository\com\google\guava\guava\32.1.2-jre\guava-32.1.2-jre.jar;C:\Users\Prerana\.m2\repository\com\google\guava\failureaccess\1.0.1\failureaccess-1.0.1.jar;C:\Users\Prerana\.m2\repository\com\google\guava\listenablefuture\9999.0-empty-to-avoid-conflict-with-guava\listenablefuture-9999.0-empty-to-avoid-conflict-with-guava.jar;C:\Users\Prerana\.m2\repository\com\google\code\findbugs\jsr305\3.0.2\jsr305-3.0.2.jar;C:\Users\Prerana\.m2\repository\org\checkerframework\checker-qual\3.33.0\checker-qual-3.33.0.jar;C:\Users\Prerana\.m2\repository\com\google\errorprone\error_prone_annotations\2.18.0\error_prone_annotations-2.18.0.jar;C:\Users\Prerana\.m2\repository\com\google\j2objc\j2objc-annotations\2.8\j2objc-annotations-2.8.jar;C:\Users\Prerana\.m2\repository\io\opentelemetry\opentelemetry-api\1.28.0\opentelemetry-api-1.28.0.jar;C:\Users\Prerana\.m2\repository\io\opentelemetry\opentelemetry-context\1.28.0\opentelemetry-context-1.28.0.jar;C:\Users\Prerana\.m2\repository\io\opentelemetry\opentelemetry-exporter-logging\1.28.0\opentelemetry-exporter-logging-1.28.0.jar;C:\Users\Prerana\.m2\repository\io\opentelemetry\opentelemetry-sdk-metrics\1.28.0\opentelemetry-sdk-metrics-1.28.0.jar;C:\Users\Prerana\.m2\repository\io\opentelemetry\opentelemetry-extension-incubator\1.28.0-alpha\opentelemetry-extension-incubator-1.28.0-alpha.jar;C:\Users\Prerana\.m2\repository\io\opentelemetry\opentelemetry-sdk-logs\1.28.0\opentelemetry-sdk-logs-1.28.0.jar;C:\Users\Prerana\.m2\repository\io\opentelemetry\opentelemetry-sdk-common\1.28.0\opentelemetry-sdk-common-1.28.0.jar;C:\Users\Prerana\.m2\repository\io\opentelemetry\opentelemetry-sdk-extension-autoconfigure-spi\1.28.0\opentelemetry-sdk-extension-autoconfigure-spi-1.28.0.jar;C:\Users\Prerana\.m2\repository\io\opentelemetry\opentelemetry-sdk-extension-autoconfigure\1.28.0\opentelemetry-sdk-extension-autoconfigure-1.28.0.jar;C:\Users\Prerana\.m2\repository\io\opentelemetry\opentelemetry-api-events\1.28.0-alpha\opentelemetry-api-events-1.28.0-alpha.jar;C:\Users\Prerana\.m2\repository\io\opentelemetry\opentelemetry-sdk-trace\1.28.0\opentelemetry-sdk-trace-1.28.0.jar;C:\Users\Prerana\.m2\repository\io\opentelemetry\opentelemetry-sdk\1.28.0\opentelemetry-sdk-1.28.0.jar;C:\Users\Prerana\.m2\repository\io\opentelemetry\opentelemetry-semconv\1.28.0-alpha\opentelemetry-semconv-1.28.0-alpha.jar;C:\Users\Prerana\.m2\repository\net\bytebuddy\byte-buddy\1.14.5\byte-buddy-1.14.5.jar;C:\Users\Prerana\.m2\repository\org\seleniumhq\selenium\selenium-os\4.16.1\selenium-os-4.16.1.jar;C:\Users\Prerana\.m2\repository\org\apache\commons\commons-exec\1.3\commons-exec-1.3.jar;C:\Users\Prerana\.m2\repository\org\seleniumhq\selenium\selenium-safari-driver\4.16.1\selenium-safari-driver-4.16.1.jar;C:\Users\Prerana\.m2\repository\org\seleniumhq\selenium\selenium-support\4.16.1\selenium-support-4.16.1.jar
Launcher Type: SUN_STANDARD

[Global flags]
     intx CICompilerCount                          = 4                                         {product} {ergonomic}
     uint ConcGCThreads                            = 3                                         {product} {ergonomic}
     uint G1ConcRefinementThreads                  = 10                                        {product} {ergonomic}
   size_t G1HeapRegionSize                         = 1048576                                   {product} {ergonomic}
   size_t InitialHeapSize                          = 98566144                                  {product} {ergonomic}
   size_t MarkStackSize                            = 4194304                                   {product} {ergonomic}
   size_t MaxHeapSize                              = 1574961152                                {product} {ergonomic}
   size_t MaxNewSize                               = 944766976                                 {product} {ergonomic}
   size_t MinHeapDeltaBytes                        = 1048576                                   {product} {ergonomic}
   size_t MinHeapSize                              = 8388608                                   {product} {ergonomic}
    uintx NonNMethodCodeHeapSize                   = 5839372                                {pd product} {ergonomic}
    uintx NonProfiledCodeHeapSize                  = 122909434                              {pd product} {ergonomic}
    uintx ProfiledCodeHeapSize                     = 122909434                              {pd product} {ergonomic}
    uintx ReservedCodeCacheSize                    = 251658240                              {pd product} {ergonomic}
     bool SegmentedCodeCache                       = true                                      {product} {ergonomic}
     bool ShowCodeDetailsInExceptionMessages       = true                                   {manageable} {command line}
   size_t SoftMaxHeapSize                          = 1574961152                             {manageable} {ergonomic}
     bool UseCompressedOops                        = true                           {product lp64_product} {ergonomic}
     bool UseG1GC                                  = true                                      {product} {ergonomic}
     bool UseLargePagesIndividualAllocation        = false                                  {pd product} {ergonomic}

Logging:
Log output configuration:
 #0: stdout all=warning uptime,level,tags foldmultilines=false
 #1: stderr all=off uptime,level,tags foldmultilines=false

Environment Variables:
PATH=C:\Program Files\Common Files\Oracle\Java\javapath;C:\Program Files\Python310\Scripts\;C:\Program Files\Python310\;C:\WINDOWS\system32;C:\WINDOWS;C:\WINDOWS\System32\Wbem;C:\WINDOWS\System32\WindowsPowerShell\v1.0\;C:\WINDOWS\System32\OpenSSH\;C:\Program Files\Git\cmd;C:\Program Files\MySQL\MySQL Shell 8.0\bin\;C:\Users\Prerana\AppData\Local\Microsoft\WindowsApps;C:\Users\Prerana\AppData\Local\Programs\Microsoft VS Code\bin;C:\Users\Prerana\AppData\Local\GitHubDesktop\bin;C:\Program Files\JetBrains\PyCharm Community Edition 2022.1.2\bin;;
USERNAME=Prerana
OS=Windows_NT
PROCESSOR_IDENTIFIER=AMD64 Family 23 Model 104 Stepping 1, AuthenticAMD
TMP=C:\Users\Prerana\AppData\Local\Temp
TEMP=C:\Users\Prerana\AppData\Local\Temp




Periodic native trim disabled

---------------  S Y S T E M  ---------------

OS:
 Windows 11 , 64 bit Build 26100 (10.0.26100.4768)
OS uptime: 2 days 1:48 hours

CPU: total 12 (initial active 12) (12 cores per cpu, 2 threads per core) family 23 model 104 stepping 1 microcode 0x8608103, cx8, cmov, fxsr, ht, mmx, 3dnowpref, sse, sse2, sse3, ssse3, sse4a, sse4.1, sse4.2, popcnt, lzcnt, tsc, tscinvbit, avx, avx2, aes, clmul, bmi1, bmi2, adx, sha, fma, vzeroupper, clflush, clflushopt, rdtscp, rdpid, f16c
Processor Information for processor 0
  Max Mhz: 2100, Current Mhz: 2100, Mhz Limit: 2100
Processor Information for processor 1
  Max Mhz: 2100, Current Mhz: 1813, Mhz Limit: 2100
Processor Information for processor 2
  Max Mhz: 2100, Current Mhz: 2100, Mhz Limit: 2100
Processor Information for processor 3
  Max Mhz: 2100, Current Mhz: 1813, Mhz Limit: 2100
Processor Information for processor 4
  Max Mhz: 2100, Current Mhz: 2100, Mhz Limit: 2100
Processor Information for processor 5
  Max Mhz: 2100, Current Mhz: 2100, Mhz Limit: 2100
Processor Information for processor 6
  Max Mhz: 2100, Current Mhz: 1813, Mhz Limit: 2100
Processor Information for processor 7
  Max Mhz: 2100, Current Mhz: 1813, Mhz Limit: 2100
Processor Information for processor 8
  Max Mhz: 2100, Current Mhz: 1813, Mhz Limit: 2100
Processor Information for processor 9
  Max Mhz: 2100, Current Mhz: 1813, Mhz Limit: 2100
Processor Information for processor 10
  Max Mhz: 2100, Current Mhz: 1813, Mhz Limit: 2100
Processor Information for processor 11
  Max Mhz: 2100, Current Mhz: 1813, Mhz Limit: 2100

Memory: 4k page, system-wide physical 6005M (639M free)
TotalPageFile size 24437M (AvailPageFile size 106M)
current process WorkingSet (physical memory assigned to process): 119M, peak: 119M
current process commit charge ("private bytes"): 228M, peak: 228M

vm_info: Java HotSpot(TM) 64-Bit Server VM (22.0.1+8-16) for windows-amd64 JRE (22.0.1+8-16), built on 2024-03-12T10:33:16Z by "mach5one" with MS VC++ 17.6 (VS2022)

END.
