#
# There is insufficient memory for the Java Runtime Environment to continue.
# Native memory allocation (malloc) failed to allocate 1036176 bytes. Error detail: Chunk::new
# Possible reasons:
#   The system is out of physical RAM or swap space
#   This process is running with CompressedOops enabled, and the Java Heap may be blocking the growth of the native heap
# Possible solutions:
#   Reduce memory load on the system
#   Increase physical memory or swap space
#   Check if swap backing store is full
#   Decrease Java heap size (-Xmx/-Xms)
#   Decrease number of Java threads
#   Decrease Java thread stack sizes (-Xss)
#   Set larger code cache with -XX:ReservedCodeCacheSize=
#   JVM is running with Unscaled Compressed Oops mode in which the Java heap is
#     placed in the first 4GB address space. The Java Heap base address is the
#     maximum limit for the native heap growth. Please use -XX:HeapBaseMinAddress
#     to set the Java Heap base and to place the Java Heap above 4GB virtual address.
# This output file may be truncated or incomplete.
#
#  Out of Memory Error (arena.cpp:150), pid=16484, tid=10712
#
# JRE version: Java(TM) SE Runtime Environment (22.0.1+8) (build 22.0.1+8-16)
# Java VM: Java HotSpot(TM) 64-Bit Server VM (22.0.1+8-16, mixed mode, sharing, tiered, compressed oops, compressed class ptrs, g1 gc, windows-amd64)
# No core dump will be written. Minidumps are not enabled by default on client versions of Windows
#

---------------  S U M M A R Y ------------

Command Line: -Dfile.encoding=UTF-8 -Dstdout.encoding=UTF-8 -Dstderr.encoding=UTF-8 -XX:+ShowCodeDetailsInExceptionMessages Tutorial9.Demo6

Host: AMD Ryzen 5 5500U with Radeon Graphics         , 12 cores, 5G,  Windows 11 , 64 bit Build 26100 (10.0.26100.4768)
Time: Tue Aug 12 22:30:19 2025 India Standard Time elapsed time: 17.062785 seconds (0d 0h 0m 17s)

---------------  T H R E A D  ---------------

Current thread (0x0000012475504c80):  JavaThread "C2 CompilerThread0" daemon [_thread_in_native, id=10712, stack(0x0000000475b00000,0x0000000475c00000) (1024K)]


Current CompileTask:
C2:17062 1691       4       java.lang.invoke.MethodType::makeImpl (109 bytes)

Stack: [0x0000000475b00000,0x0000000475c00000]
Native frames: (J=compiled Java code, j=interpreted, Vv=VM code, C=native code)
V  [jvm.dll+0x6e2279]  (no source info available)
V  [jvm.dll+0x874e33]  (no source info available)
V  [jvm.dll+0x87725e]  (no source info available)
V  [jvm.dll+0x877933]  (no source info available)
V  [jvm.dll+0x27fd76]  (no source info available)
V  [jvm.dll+0xc3d0f]  (no source info available)
V  [jvm.dll+0xc3f6b]  (no source info available)
V  [jvm.dll+0x2f3c2f]  (no source info available)
V  [jvm.dll+0x60bc9a]  (no source info available)
V  [jvm.dll+0x250db2]  (no source info available)
V  [jvm.dll+0x24949c]  (no source info available)
V  [jvm.dll+0x246ec6]  (no source info available)
V  [jvm.dll+0x1c4e90]  (no source info available)
V  [jvm.dll+0x2569fe]  (no source info available)
V  [jvm.dll+0x254cba]  (no source info available)
V  [jvm.dll+0x3f5336]  (no source info available)
V  [jvm.dll+0x81d44b]  (no source info available)
V  [jvm.dll+0x6e0915]  (no source info available)
C  [ucrtbase.dll+0x37b0]  (no source info available)
C  [KERNEL32.DLL+0x2e8d7]  (no source info available)
C  [ntdll.dll+0x3c34c]  (no source info available)


---------------  P R O C E S S  ---------------

Threads class SMR info:
_java_thread_list=0x00000124467693f0, length=24, elements={
0x0000012456f120f0, 0x00000124754f7450, 0x00000124754f7fb0, 0x0000012475500250,
0x00000124755028d0, 0x00000124755030f0, 0x0000012475503d20, 0x0000012475504c80,
0x0000012475508c50, 0x0000012445214fe0, 0x000001244523c040, 0x00000124457cd2c0,
0x0000012445a3be20, 0x0000012445aba1e0, 0x0000012445aba850, 0x0000012445abaec0,
0x0000012446166130, 0x00000124461edde0, 0x00000124461ed750, 0x00000124461ee470,
0x0000012446515f70, 0x0000012446516600, 0x0000012446518040, 0x000001244627dae0
}

Java Threads: ( => current thread )
  0x0000012456f120f0 JavaThread "Forwarding maximizeCurrentWindow on session 1dc76d2a4bea17ab0c2d302d3eee3ab5 to remote"        [_thread_blocked, id=25780, stack(0x0000000474d00000,0x0000000474e00000) (1024K)]
  0x00000124754f7450 JavaThread "Reference Handler"          daemon [_thread_blocked, id=27608, stack(0x0000000475500000,0x0000000475600000) (1024K)]
  0x00000124754f7fb0 JavaThread "Finalizer"                  daemon [_thread_blocked, id=37216, stack(0x0000000475600000,0x0000000475700000) (1024K)]
  0x0000012475500250 JavaThread "Signal Dispatcher"          daemon [_thread_blocked, id=27996, stack(0x0000000475700000,0x0000000475800000) (1024K)]
  0x00000124755028d0 JavaThread "Attach Listener"            daemon [_thread_blocked, id=28472, stack(0x0000000475800000,0x0000000475900000) (1024K)]
  0x00000124755030f0 JavaThread "Service Thread"             daemon [_thread_blocked, id=14176, stack(0x0000000475900000,0x0000000475a00000) (1024K)]
  0x0000012475503d20 JavaThread "Monitor Deflation Thread"   daemon [_thread_blocked, id=30684, stack(0x0000000475a00000,0x0000000475b00000) (1024K)]
=>0x0000012475504c80 JavaThread "C2 CompilerThread0"         daemon [_thread_in_native, id=10712, stack(0x0000000475b00000,0x0000000475c00000) (1024K)]
  0x0000012475508c50 JavaThread "C1 CompilerThread0"         daemon [_thread_blocked, id=20140, stack(0x0000000475c00000,0x0000000475d00000) (1024K)]
  0x0000012445214fe0 JavaThread "Notification Thread"        daemon [_thread_blocked, id=17484, stack(0x0000000475d00000,0x0000000475e00000) (1024K)]
  0x000001244523c040 JavaThread "Common-Cleaner"             daemon [_thread_blocked, id=27984, stack(0x0000000475e00000,0x0000000475f00000) (1024K)]
  0x00000124457cd2c0 JavaThread "HttpClient-1-SelectorManager" daemon [_thread_in_native, id=39548, stack(0x0000000476000000,0x0000000476100000) (1024K)]
  0x0000012445a3be20 JavaThread "External Process Output Forwarder - C:\Users\Prerana\.cache\selenium\chromedriver\win64\139.0.7258.66\chromedriver.exe"        [_thread_in_native, id=23376, stack(0x0000000476100000,0x0000000476200000) (1024K)]
  0x0000012445aba1e0 JavaThread "Driver Service Executor"    daemon [_thread_blocked, id=8928, stack(0x0000000476200000,0x0000000476300000) (1024K)]
  0x0000012445aba850 JavaThread "Driver Service Executor"    daemon [_thread_in_native, id=36728, stack(0x0000000476300000,0x0000000476400000) (1024K)]
  0x0000012445abaec0 JavaThread "UrlChecker-2"               daemon [_thread_blocked, id=33628, stack(0x0000000476400000,0x0000000476500000) (1024K)]
  0x0000012446166130 JavaThread "pool-1-thread-1"                   [_thread_blocked, id=37096, stack(0x0000000477000000,0x0000000477100000) (1024K)]
  0x00000124461edde0 JavaThread "pool-1-thread-2"                   [_thread_blocked, id=30004, stack(0x0000000477100000,0x0000000477200000) (1024K)]
  0x00000124461ed750 JavaThread "pool-1-thread-3"                   [_thread_blocked, id=33448, stack(0x0000000477200000,0x0000000477300000) (1024K)]
  0x00000124461ee470 JavaThread "HttpClient-2-SelectorManager" daemon [_thread_in_native, id=15496, stack(0x0000000477300000,0x0000000477400000) (1024K)]
  0x0000012446515f70 JavaThread "pool-2-thread-1"                   [_thread_blocked, id=9932, stack(0x0000000477400000,0x0000000477500000) (1024K)]
  0x0000012446516600 JavaThread "pool-2-thread-2"                   [_thread_blocked, id=37576, stack(0x0000000477500000,0x0000000477600000) (1024K)]
  0x0000012446518040 JavaThread "pool-2-thread-3"                   [_thread_blocked, id=21232, stack(0x0000000477600000,0x0000000477700000) (1024K)]
  0x000001244627dae0 JavaThread "C2 CompilerThread1"         daemon [_thread_in_native, id=38080, stack(0x0000000477700000,0x0000000477800000) (1024K)]
Total: 24

Other Threads:
  0x00000124754d52a0 VMThread "VM Thread"                           [id=25496, stack(0x0000000475400000,0x0000000475500000) (1024K)]
  0x00000124754af3e0 WatcherThread "VM Periodic Task Thread"        [id=24384, stack(0x0000000475300000,0x0000000475400000) (1024K)]
  0x00000124593139a0 WorkerThread "GC Thread#0"                     [id=39876, stack(0x0000000474e00000,0x0000000474f00000) (1024K)]
  0x00000124460952e0 WorkerThread "GC Thread#1"                     [id=23584, stack(0x0000000476700000,0x0000000476800000) (1024K)]
  0x0000012446095690 WorkerThread "GC Thread#2"                     [id=16612, stack(0x0000000476800000,0x0000000476900000) (1024K)]
  0x0000012446095a40 WorkerThread "GC Thread#3"                     [id=12100, stack(0x0000000476900000,0x0000000476a00000) (1024K)]
  0x00000124460e42e0 WorkerThread "GC Thread#4"                     [id=38284, stack(0x0000000476a00000,0x0000000476b00000) (1024K)]
  0x00000124460e4690 WorkerThread "GC Thread#5"                     [id=33108, stack(0x0000000476b00000,0x0000000476c00000) (1024K)]
  0x00000124460e4a40 WorkerThread "GC Thread#6"                     [id=23100, stack(0x0000000476c00000,0x0000000476d00000) (1024K)]
  0x00000124460e4df0 WorkerThread "GC Thread#7"                     [id=36516, stack(0x0000000476d00000,0x0000000476e00000) (1024K)]
  0x00000124460e51a0 WorkerThread "GC Thread#8"                     [id=15024, stack(0x0000000476e00000,0x0000000476f00000) (1024K)]
  0x00000124460e5d70 WorkerThread "GC Thread#9"                     [id=33928, stack(0x0000000476f00000,0x0000000477000000) (1024K)]
  0x0000012459320d60 ConcurrentGCThread "G1 Main Marker"            [id=3968, stack(0x0000000474f00000,0x0000000475000000) (1024K)]
  0x0000012459322f30 WorkerThread "G1 Conc#0"                       [id=33988, stack(0x0000000475000000,0x0000000475100000) (1024K)]
  0x00000124753824c0 ConcurrentGCThread "G1 Refine#0"               [id=27320, stack(0x0000000475100000,0x0000000475200000) (1024K)]
  0x000001245938e050 ConcurrentGCThread "G1 Service"                [id=16964, stack(0x0000000475200000,0x0000000475300000) (1024K)]
Total: 16

Threads with active compile tasks:
C2 CompilerThread0  21243 1691       4       java.lang.invoke.MethodType::makeImpl (109 bytes)
C2 CompilerThread1  21243 1784       4       java.lang.invoke.MethodType::methodType (69 bytes)
Total: 2

VM state: not at safepoint (normal execution)

VM Mutex/Monitor currently owned by a thread: None

Heap address: 0x00000000a2200000, size: 1502 MB, Compressed Oops mode: 32-bit

CDS archive(s) mapped at: [0x0000012400000000-0x0000012400c60000-0x0000012400c60000), size 12976128, SharedBaseAddress: 0x0000012400000000, ArchiveRelocationMode: 1.
Compressed class space mapped at: 0x0000012401000000-0x0000012441000000, reserved size: 1073741824
Narrow klass base: 0x0000012400000000, Narrow klass shift: 0, Narrow klass range: 0x41000000

GC Precious Log:
 CardTable entry size: 512
 Card Set container configuration: InlinePtr #cards 5 size 8 Array Of Cards #cards 12 size 40 Howl #buckets 4 coarsen threshold 1843 Howl Bitmap #cards 512 size 80 coarsen threshold 460 Card regions per heap region 1 cards per card region 2048
 CPUs: 12 total, 12 available
 Memory: 6005M
 Large Page Support: Disabled
 NUMA Support: Disabled
 Compressed Oops: Enabled (32-bit)
 Heap Region Size: 1M
 Heap Min Capacity: 8M
 Heap Initial Capacity: 94M
 Heap Max Capacity: 1502M
 Pre-touch: Disabled
 Parallel Workers: 10
 Concurrent Workers: 3
 Concurrent Refinement Workers: 10
 Periodic GC: Disabled

Heap:
 garbage-first heap   total reserved 1538048K, committed 96256K, used 17888K [0x00000000a2200000, 0x0000000100000000)
  region size 1024K, 16 young (16384K), 3 survivors (3072K)
 Metaspace       used 13369K, committed 13696K, reserved 1114112K
  class space    used 1665K, committed 1792K, reserved 1048576K

Heap Regions: E=young(eden), S=young(survivor), O=old, HS=humongous(starts), HC=humongous(continues), CS=collection set, F=free, TAMS=top-at-mark-start, PB=parsable bottom
|   0|0x00000000a2200000, 0x00000000a2300000, 0x00000000a2300000|100%| O|  |TAMS 0x00000000a2200000| PB 0x00000000a2200000| Untracked |  0
|   1|0x00000000a2300000, 0x00000000a2400000, 0x00000000a2400000|100%| O|  |TAMS 0x00000000a2300000| PB 0x00000000a2300000| Untracked |  0
|   2|0x00000000a2400000, 0x00000000a2478000, 0x00000000a2500000| 46%| O|  |TAMS 0x00000000a2400000| PB 0x00000000a2400000| Untracked |  0
|   3|0x00000000a2500000, 0x00000000a2500000, 0x00000000a2600000|  0%| F|  |TAMS 0x00000000a2500000| PB 0x00000000a2500000| Untracked |  0
|   4|0x00000000a2600000, 0x00000000a2600000, 0x00000000a2700000|  0%| F|  |TAMS 0x00000000a2600000| PB 0x00000000a2600000| Untracked |  0
|   5|0x00000000a2700000, 0x00000000a2700000, 0x00000000a2800000|  0%| F|  |TAMS 0x00000000a2700000| PB 0x00000000a2700000| Untracked |  0
|   6|0x00000000a2800000, 0x00000000a2800000, 0x00000000a2900000|  0%| F|  |TAMS 0x00000000a2800000| PB 0x00000000a2800000| Untracked |  0
|   7|0x00000000a2900000, 0x00000000a2900000, 0x00000000a2a00000|  0%| F|  |TAMS 0x00000000a2900000| PB 0x00000000a2900000| Untracked |  0
|   8|0x00000000a2a00000, 0x00000000a2a00000, 0x00000000a2b00000|  0%| F|  |TAMS 0x00000000a2a00000| PB 0x00000000a2a00000| Untracked |  0
|   9|0x00000000a2b00000, 0x00000000a2b00000, 0x00000000a2c00000|  0%| F|  |TAMS 0x00000000a2b00000| PB 0x00000000a2b00000| Untracked |  0
|  10|0x00000000a2c00000, 0x00000000a2c00000, 0x00000000a2d00000|  0%| F|  |TAMS 0x00000000a2c00000| PB 0x00000000a2c00000| Untracked |  0
|  11|0x00000000a2d00000, 0x00000000a2d00000, 0x00000000a2e00000|  0%| F|  |TAMS 0x00000000a2d00000| PB 0x00000000a2d00000| Untracked |  0
|  12|0x00000000a2e00000, 0x00000000a2e00000, 0x00000000a2f00000|  0%| F|  |TAMS 0x00000000a2e00000| PB 0x00000000a2e00000| Untracked |  0
|  13|0x00000000a2f00000, 0x00000000a2f00000, 0x00000000a3000000|  0%| F|  |TAMS 0x00000000a2f00000| PB 0x00000000a2f00000| Untracked |  0
|  14|0x00000000a3000000, 0x00000000a3000000, 0x00000000a3100000|  0%| F|  |TAMS 0x00000000a3000000| PB 0x00000000a3000000| Untracked |  0
|  15|0x00000000a3100000, 0x00000000a3100000, 0x00000000a3200000|  0%| F|  |TAMS 0x00000000a3100000| PB 0x00000000a3100000| Untracked |  0
|  16|0x00000000a3200000, 0x00000000a3200000, 0x00000000a3300000|  0%| F|  |TAMS 0x00000000a3200000| PB 0x00000000a3200000| Untracked |  0
|  17|0x00000000a3300000, 0x00000000a3300000, 0x00000000a3400000|  0%| F|  |TAMS 0x00000000a3300000| PB 0x00000000a3300000| Untracked |  0
|  18|0x00000000a3400000, 0x00000000a3400000, 0x00000000a3500000|  0%| F|  |TAMS 0x00000000a3400000| PB 0x00000000a3400000| Untracked |  0
|  19|0x00000000a3500000, 0x00000000a3500000, 0x00000000a3600000|  0%| F|  |TAMS 0x00000000a3500000| PB 0x00000000a3500000| Untracked |  0
|  20|0x00000000a3600000, 0x00000000a3600000, 0x00000000a3700000|  0%| F|  |TAMS 0x00000000a3600000| PB 0x00000000a3600000| Untracked |  0
|  21|0x00000000a3700000, 0x00000000a3700000, 0x00000000a3800000|  0%| F|  |TAMS 0x00000000a3700000| PB 0x00000000a3700000| Untracked |  0
|  22|0x00000000a3800000, 0x00000000a3800000, 0x00000000a3900000|  0%| F|  |TAMS 0x00000000a3800000| PB 0x00000000a3800000| Untracked |  0
|  23|0x00000000a3900000, 0x00000000a3900000, 0x00000000a3a00000|  0%| F|  |TAMS 0x00000000a3900000| PB 0x00000000a3900000| Untracked |  0
|  24|0x00000000a3a00000, 0x00000000a3a00000, 0x00000000a3b00000|  0%| F|  |TAMS 0x00000000a3a00000| PB 0x00000000a3a00000| Untracked |  0
|  25|0x00000000a3b00000, 0x00000000a3b00000, 0x00000000a3c00000|  0%| F|  |TAMS 0x00000000a3b00000| PB 0x00000000a3b00000| Untracked |  0
|  26|0x00000000a3c00000, 0x00000000a3c00000, 0x00000000a3d00000|  0%| F|  |TAMS 0x00000000a3c00000| PB 0x00000000a3c00000| Untracked |  0
|  27|0x00000000a3d00000, 0x00000000a3d00000, 0x00000000a3e00000|  0%| F|  |TAMS 0x00000000a3d00000| PB 0x00000000a3d00000| Untracked |  0
|  28|0x00000000a3e00000, 0x00000000a3e00000, 0x00000000a3f00000|  0%| F|  |TAMS 0x00000000a3e00000| PB 0x00000000a3e00000| Untracked |  0
|  29|0x00000000a3f00000, 0x00000000a3f00000, 0x00000000a4000000|  0%| F|  |TAMS 0x00000000a3f00000| PB 0x00000000a3f00000| Untracked |  0
|  30|0x00000000a4000000, 0x00000000a4000000, 0x00000000a4100000|  0%| F|  |TAMS 0x00000000a4000000| PB 0x00000000a4000000| Untracked |  0
|  31|0x00000000a4100000, 0x00000000a4100000, 0x00000000a4200000|  0%| F|  |TAMS 0x00000000a4100000| PB 0x00000000a4100000| Untracked |  0
|  32|0x00000000a4200000, 0x00000000a4200000, 0x00000000a4300000|  0%| F|  |TAMS 0x00000000a4200000| PB 0x00000000a4200000| Untracked |  0
|  33|0x00000000a4300000, 0x00000000a4300000, 0x00000000a4400000|  0%| F|  |TAMS 0x00000000a4300000| PB 0x00000000a4300000| Untracked |  0
|  34|0x00000000a4400000, 0x00000000a4400000, 0x00000000a4500000|  0%| F|  |TAMS 0x00000000a4400000| PB 0x00000000a4400000| Untracked |  0
|  35|0x00000000a4500000, 0x00000000a4500000, 0x00000000a4600000|  0%| F|  |TAMS 0x00000000a4500000| PB 0x00000000a4500000| Untracked |  0
|  36|0x00000000a4600000, 0x00000000a4600000, 0x00000000a4700000|  0%| F|  |TAMS 0x00000000a4600000| PB 0x00000000a4600000| Untracked |  0
|  37|0x00000000a4700000, 0x00000000a4700000, 0x00000000a4800000|  0%| F|  |TAMS 0x00000000a4700000| PB 0x00000000a4700000| Untracked |  0
|  38|0x00000000a4800000, 0x00000000a4800000, 0x00000000a4900000|  0%| F|  |TAMS 0x00000000a4800000| PB 0x00000000a4800000| Untracked |  0
|  39|0x00000000a4900000, 0x00000000a4900000, 0x00000000a4a00000|  0%| F|  |TAMS 0x00000000a4900000| PB 0x00000000a4900000| Untracked |  0
|  40|0x00000000a4a00000, 0x00000000a4a00000, 0x00000000a4b00000|  0%| F|  |TAMS 0x00000000a4a00000| PB 0x00000000a4a00000| Untracked |  0
|  41|0x00000000a4b00000, 0x00000000a4b00000, 0x00000000a4c00000|  0%| F|  |TAMS 0x00000000a4b00000| PB 0x00000000a4b00000| Untracked |  0
|  42|0x00000000a4c00000, 0x00000000a4c00000, 0x00000000a4d00000|  0%| F|  |TAMS 0x00000000a4c00000| PB 0x00000000a4c00000| Untracked |  0
|  43|0x00000000a4d00000, 0x00000000a4d00000, 0x00000000a4e00000|  0%| F|  |TAMS 0x00000000a4d00000| PB 0x00000000a4d00000| Untracked |  0
|  44|0x00000000a4e00000, 0x00000000a4e00000, 0x00000000a4f00000|  0%| F|  |TAMS 0x00000000a4e00000| PB 0x00000000a4e00000| Untracked |  0
|  45|0x00000000a4f00000, 0x00000000a4f00000, 0x00000000a5000000|  0%| F|  |TAMS 0x00000000a4f00000| PB 0x00000000a4f00000| Untracked |  0
|  46|0x00000000a5000000, 0x00000000a5000000, 0x00000000a5100000|  0%| F|  |TAMS 0x00000000a5000000| PB 0x00000000a5000000| Untracked |  0
|  47|0x00000000a5100000, 0x00000000a5100000, 0x00000000a5200000|  0%| F|  |TAMS 0x00000000a5100000| PB 0x00000000a5100000| Untracked |  0
|  48|0x00000000a5200000, 0x00000000a5200000, 0x00000000a5300000|  0%| F|  |TAMS 0x00000000a5200000| PB 0x00000000a5200000| Untracked |  0
|  49|0x00000000a5300000, 0x00000000a5300000, 0x00000000a5400000|  0%| F|  |TAMS 0x00000000a5300000| PB 0x00000000a5300000| Untracked |  0
|  50|0x00000000a5400000, 0x00000000a5400000, 0x00000000a5500000|  0%| F|  |TAMS 0x00000000a5400000| PB 0x00000000a5400000| Untracked |  0
|  51|0x00000000a5500000, 0x00000000a5500000, 0x00000000a5600000|  0%| F|  |TAMS 0x00000000a5500000| PB 0x00000000a5500000| Untracked |  0
|  52|0x00000000a5600000, 0x00000000a5600000, 0x00000000a5700000|  0%| F|  |TAMS 0x00000000a5600000| PB 0x00000000a5600000| Untracked |  0
|  53|0x00000000a5700000, 0x00000000a5700000, 0x00000000a5800000|  0%| F|  |TAMS 0x00000000a5700000| PB 0x00000000a5700000| Untracked |  0
|  54|0x00000000a5800000, 0x00000000a5800000, 0x00000000a5900000|  0%| F|  |TAMS 0x00000000a5800000| PB 0x00000000a5800000| Untracked |  0
|  55|0x00000000a5900000, 0x00000000a5900000, 0x00000000a5a00000|  0%| F|  |TAMS 0x00000000a5900000| PB 0x00000000a5900000| Untracked |  0
|  56|0x00000000a5a00000, 0x00000000a5a00000, 0x00000000a5b00000|  0%| F|  |TAMS 0x00000000a5a00000| PB 0x00000000a5a00000| Untracked |  0
|  57|0x00000000a5b00000, 0x00000000a5b00000, 0x00000000a5c00000|  0%| F|  |TAMS 0x00000000a5b00000| PB 0x00000000a5b00000| Untracked |  0
|  58|0x00000000a5c00000, 0x00000000a5c00000, 0x00000000a5d00000|  0%| F|  |TAMS 0x00000000a5c00000| PB 0x00000000a5c00000| Untracked |  0
|  59|0x00000000a5d00000, 0x00000000a5d00000, 0x00000000a5e00000|  0%| F|  |TAMS 0x00000000a5d00000| PB 0x00000000a5d00000| Untracked |  0
|  60|0x00000000a5e00000, 0x00000000a5e00000, 0x00000000a5f00000|  0%| F|  |TAMS 0x00000000a5e00000| PB 0x00000000a5e00000| Untracked |  0
|  61|0x00000000a5f00000, 0x00000000a5f00000, 0x00000000a6000000|  0%| F|  |TAMS 0x00000000a5f00000| PB 0x00000000a5f00000| Untracked |  0
|  62|0x00000000a6000000, 0x00000000a6000000, 0x00000000a6100000|  0%| F|  |TAMS 0x00000000a6000000| PB 0x00000000a6000000| Untracked |  0
|  63|0x00000000a6100000, 0x00000000a6100000, 0x00000000a6200000|  0%| F|  |TAMS 0x00000000a6100000| PB 0x00000000a6100000| Untracked |  0
|  64|0x00000000a6200000, 0x00000000a6200000, 0x00000000a6300000|  0%| F|  |TAMS 0x00000000a6200000| PB 0x00000000a6200000| Untracked |  0
|  65|0x00000000a6300000, 0x00000000a6300000, 0x00000000a6400000|  0%| F|  |TAMS 0x00000000a6300000| PB 0x00000000a6300000| Untracked |  0
|  66|0x00000000a6400000, 0x00000000a6400000, 0x00000000a6500000|  0%| F|  |TAMS 0x00000000a6400000| PB 0x00000000a6400000| Untracked |  0
|  67|0x00000000a6500000, 0x00000000a6600000, 0x00000000a6600000|100%| S|CS|TAMS 0x00000000a6500000| PB 0x00000000a6500000| Complete |  0
|  68|0x00000000a6600000, 0x00000000a6700000, 0x00000000a6700000|100%| S|CS|TAMS 0x00000000a6600000| PB 0x00000000a6600000| Complete |  0
|  69|0x00000000a6700000, 0x00000000a6800000, 0x00000000a6800000|100%| S|CS|TAMS 0x00000000a6700000| PB 0x00000000a6700000| Complete |  0
|  70|0x00000000a6800000, 0x00000000a6800000, 0x00000000a6900000|  0%| F|  |TAMS 0x00000000a6800000| PB 0x00000000a6800000| Untracked |  0
|  71|0x00000000a6900000, 0x00000000a6900000, 0x00000000a6a00000|  0%| F|  |TAMS 0x00000000a6900000| PB 0x00000000a6900000| Untracked |  0
|  72|0x00000000a6a00000, 0x00000000a6a00000, 0x00000000a6b00000|  0%| F|  |TAMS 0x00000000a6a00000| PB 0x00000000a6a00000| Untracked |  0
|  73|0x00000000a6b00000, 0x00000000a6b00000, 0x00000000a6c00000|  0%| F|  |TAMS 0x00000000a6b00000| PB 0x00000000a6b00000| Untracked |  0
|  74|0x00000000a6c00000, 0x00000000a6c00000, 0x00000000a6d00000|  0%| F|  |TAMS 0x00000000a6c00000| PB 0x00000000a6c00000| Untracked |  0
|  75|0x00000000a6d00000, 0x00000000a6d00000, 0x00000000a6e00000|  0%| F|  |TAMS 0x00000000a6d00000| PB 0x00000000a6d00000| Untracked |  0
|  76|0x00000000a6e00000, 0x00000000a6e00000, 0x00000000a6f00000|  0%| F|  |TAMS 0x00000000a6e00000| PB 0x00000000a6e00000| Untracked |  0
|  77|0x00000000a6f00000, 0x00000000a6f00000, 0x00000000a7000000|  0%| F|  |TAMS 0x00000000a6f00000| PB 0x00000000a6f00000| Untracked |  0
|  78|0x00000000a7000000, 0x00000000a7000000, 0x00000000a7100000|  0%| F|  |TAMS 0x00000000a7000000| PB 0x00000000a7000000| Untracked |  0
|  79|0x00000000a7100000, 0x00000000a7100000, 0x00000000a7200000|  0%| F|  |TAMS 0x00000000a7100000| PB 0x00000000a7100000| Untracked |  0
|  80|0x00000000a7200000, 0x00000000a7200000, 0x00000000a7300000|  0%| F|  |TAMS 0x00000000a7200000| PB 0x00000000a7200000| Untracked |  0
|  81|0x00000000a7300000, 0x00000000a7374780, 0x00000000a7400000| 45%| E|  |TAMS 0x00000000a7300000| PB 0x00000000a7300000| Complete |  0
|  82|0x00000000a7400000, 0x00000000a7500000, 0x00000000a7500000|100%| E|CS|TAMS 0x00000000a7400000| PB 0x00000000a7400000| Complete |  0
|  83|0x00000000a7500000, 0x00000000a7600000, 0x00000000a7600000|100%| E|CS|TAMS 0x00000000a7500000| PB 0x00000000a7500000| Complete |  0
|  84|0x00000000a7600000, 0x00000000a7700000, 0x00000000a7700000|100%| E|CS|TAMS 0x00000000a7600000| PB 0x00000000a7600000| Complete |  0
|  85|0x00000000a7700000, 0x00000000a7800000, 0x00000000a7800000|100%| E|CS|TAMS 0x00000000a7700000| PB 0x00000000a7700000| Complete |  0
|  86|0x00000000a7800000, 0x00000000a7900000, 0x00000000a7900000|100%| E|CS|TAMS 0x00000000a7800000| PB 0x00000000a7800000| Complete |  0
|  87|0x00000000a7900000, 0x00000000a7a00000, 0x00000000a7a00000|100%| E|CS|TAMS 0x00000000a7900000| PB 0x00000000a7900000| Complete |  0
|  88|0x00000000a7a00000, 0x00000000a7b00000, 0x00000000a7b00000|100%| E|CS|TAMS 0x00000000a7a00000| PB 0x00000000a7a00000| Complete |  0
|  89|0x00000000a7b00000, 0x00000000a7c00000, 0x00000000a7c00000|100%| E|CS|TAMS 0x00000000a7b00000| PB 0x00000000a7b00000| Complete |  0
|  90|0x00000000a7c00000, 0x00000000a7d00000, 0x00000000a7d00000|100%| E|CS|TAMS 0x00000000a7c00000| PB 0x00000000a7c00000| Complete |  0
|  91|0x00000000a7d00000, 0x00000000a7e00000, 0x00000000a7e00000|100%| E|CS|TAMS 0x00000000a7d00000| PB 0x00000000a7d00000| Complete |  0
|  92|0x00000000a7e00000, 0x00000000a7f00000, 0x00000000a7f00000|100%| E|CS|TAMS 0x00000000a7e00000| PB 0x00000000a7e00000| Complete |  0
|  93|0x00000000a7f00000, 0x00000000a8000000, 0x00000000a8000000|100%| E|CS|TAMS 0x00000000a7f00000| PB 0x00000000a7f00000| Complete |  0

Card table byte_map: [0x0000012470e50000,0x0000012471140000] _byte_map_base: 0x000001247093f000

Marking Bits: (CMBitMap*) 0x00000124593140b0
 Bits: [0x0000012471140000, 0x00000124728b8000)

Polling page: 0x00000124571f0000

Metaspace:

Usage:
  Non-class:     11.43 MB used.
      Class:      1.63 MB used.
       Both:     13.06 MB used.

Virtual space:
  Non-class space:       64.00 MB reserved,      11.62 MB ( 18%) committed,  1 nodes.
      Class space:        1.00 GB reserved,       1.75 MB ( <1%) committed,  1 nodes.
             Both:        1.06 GB reserved,      13.38 MB (  1%) committed. 

Chunk freelists:
   Non-Class:  4.22 MB
       Class:  14.14 MB
        Both:  18.36 MB

MaxMetaspaceSize: unlimited
CompressedClassSpaceSize: 1.00 GB
Initial GC threshold: 21.00 MB
Current GC threshold: 21.00 MB
CDS: on
 - commit_granule_bytes: 65536.
 - commit_granule_words: 8192.
 - virtual_space_node_default_size: 8388608.
 - enlarge_chunks_in_place: 1.
 - use_allocation_guard: 0.


Internal statistics:

num_allocs_failed_limit: 0.
num_arena_births: 338.
num_arena_deaths: 0.
num_vsnodes_births: 2.
num_vsnodes_deaths: 0.
num_space_committed: 214.
num_space_uncommitted: 0.
num_chunks_returned_to_freelist: 0.
num_chunks_taken_from_freelist: 669.
num_chunk_merges: 0.
num_chunk_splits: 401.
num_chunks_enlarged: 238.
num_inconsistent_stats: 0.

CodeHeap 'non-profiled nmethods': size=120000Kb used=571Kb max_used=571Kb free=119428Kb
 bounds [0x00000124690e0000, 0x0000012469350000, 0x0000012470610000]
CodeHeap 'profiled nmethods': size=120000Kb used=3421Kb max_used=3421Kb free=116578Kb
 bounds [0x0000012461610000, 0x0000012461970000, 0x0000012468b40000]
CodeHeap 'non-nmethods': size=5760Kb used=1490Kb max_used=1496Kb free=4270Kb
 bounds [0x0000012468b40000, 0x0000012468db0000, 0x00000124690e0000]
 total_blobs=2407 nmethods=1839 adapters=473
 compilation: enabled
              stopped_count=0, restarted_count=0
 full_count=0

Compilation events (20 events):
Event: 10.962 Thread 0x0000012475508c50 1764       3       jdk.internal.net.http.Http1HeaderParser::get (10 bytes)
Event: 10.962 Thread 0x0000012475508c50 nmethod 1764 0x0000012461942310 code [0x00000124619424c0, 0x00000124619426a0]
Event: 10.963 Thread 0x0000012475508c50 1765       3       java.lang.invoke.VarHandleReferences$FieldInstanceReadWrite::compareAndSet (48 bytes)
Event: 10.964 Thread 0x0000012475508c50 nmethod 1765 0x0000012461942790 code [0x00000124619429e0, 0x00000124619433a0]
Event: 10.965 Thread 0x000001244627dae0 nmethod 1762 0x0000012469169d10 code [0x0000012469169ea0, 0x000001246916a120]
Event: 10.965 Thread 0x000001244627dae0 1720       4       java.util.concurrent.locks.AbstractQueuedSynchronizer::compareAndSetState (13 bytes)
Event: 10.965 Thread 0x000001244627dae0 nmethod 1720 0x000001246916a290 code [0x000001246916a400, 0x000001246916a4a0]
Event: 10.965 Thread 0x000001244627dae0 1715       4       java.lang.CharacterDataLatin1::getProperties (11 bytes)
Event: 10.966 Thread 0x000001244627dae0 nmethod 1715 0x000001246916a590 code [0x000001246916a700, 0x000001246916a7b8]
Event: 10.966 Thread 0x000001244627dae0 1698   !   4       java.util.concurrent.ConcurrentHashMap::transfer (849 bytes)
Event: 10.969 Thread 0x0000012475508c50 1769       3       java.lang.invoke.LambdaFormBuffer::changeName (149 bytes)
Event: 10.970 Thread 0x0000012475508c50 nmethod 1769 0x0000012461943710 code [0x00000124619438e0, 0x0000012461943dd8]
Event: 10.970 Thread 0x0000012475508c50 1770       1       java.lang.invoke.MethodHandle::isInvokeSpecial (2 bytes)
Event: 10.970 Thread 0x0000012475508c50 nmethod 1770 0x000001246916b290 code [0x000001246916b420, 0x000001246916b4e8]
Event: 12.003 Thread 0x0000012475508c50 1771       3       java.nio.MappedByteBuffer::position (6 bytes)
Event: 12.004 Thread 0x0000012475508c50 nmethod 1771 0x0000012461943f90 code [0x0000012461944140, 0x0000012461944350]
Event: 12.004 Thread 0x0000012475508c50 1772   !   3       java.lang.Class::desiredAssertionStatus (54 bytes)
Event: 13.019 Thread 0x0000012475508c50 nmethod 1772 0x0000012461944490 code [0x0000012461944680, 0x0000012461944b90]
Event: 13.019 Thread 0x0000012475508c50 1774       3       java.lang.Math::addExact (32 bytes)
Event: 13.020 Thread 0x0000012475508c50 nmethod 1774 0x0000012461944d90 code [0x0000012461944f40, 0x0000012461945140]

GC Heap History (2 events):
Event: 2.841 GC heap before
{Heap before GC invocations=0 (full 0):
 garbage-first heap   total reserved 1538048K, committed 96256K, used 23552K [0x00000000a2200000, 0x0000000100000000)
  region size 1024K, 24 young (24576K), 0 survivors (0K)
 Metaspace       used 9618K, committed 9920K, reserved 1114112K
  class space    used 1132K, committed 1280K, reserved 1048576K
}
Event: 2.849 GC heap after
{Heap after GC invocations=1 (full 0):
 garbage-first heap   total reserved 1538048K, committed 96256K, used 5600K [0x00000000a2200000, 0x0000000100000000)
  region size 1024K, 3 young (3072K), 3 survivors (3072K)
 Metaspace       used 9618K, committed 9920K, reserved 1114112K
  class space    used 1132K, committed 1280K, reserved 1048576K
}

Dll operation events (8 events):
Event: 0.022 Loaded shared library C:\Program Files\Java\jdk-22\bin\java.dll
Event: 0.081 Loaded shared library C:\Program Files\Java\jdk-22\bin\jsvml.dll
Event: 0.179 Loaded shared library C:\Program Files\Java\jdk-22\bin\net.dll
Event: 0.183 Loaded shared library C:\Program Files\Java\jdk-22\bin\nio.dll
Event: 0.190 Loaded shared library C:\Program Files\Java\jdk-22\bin\zip.dll
Event: 0.328 Loaded shared library C:\Program Files\Java\jdk-22\bin\jimage.dll
Event: 0.468 Loaded shared library C:\Program Files\Java\jdk-22\bin\extnet.dll
Event: 2.537 Loaded shared library C:\Program Files\Java\jdk-22\bin\sunmscapi.dll

Deoptimization events (20 events):
Event: 9.646 Thread 0x0000012446166130 Uncommon trap: trap_request=0xffffffde fr.pc=0x00000124691619b0 relative=0x0000000000000110
Event: 9.646 Thread 0x0000012446166130 Uncommon trap: reason=class_check action=maybe_recompile pc=0x00000124691619b0 method=jdk.internal.misc.Unsafe.allocateUninitializedArray(Ljava/lang/Class;I)Ljava/lang/Object; @ 51 c2
Event: 9.646 Thread 0x0000012446166130 DEOPT PACKING pc=0x00000124691619b0 sp=0x00000004770fdf90
Event: 9.646 Thread 0x0000012446166130 DEOPT UNPACKING pc=0x0000012468b946a2 sp=0x00000004770fdf08 mode 2
Event: 9.646 Thread 0x0000012446166130 Uncommon trap: trap_request=0xffffffde fr.pc=0x00000124691619b0 relative=0x0000000000000110
Event: 9.646 Thread 0x0000012446166130 Uncommon trap: reason=class_check action=maybe_recompile pc=0x00000124691619b0 method=jdk.internal.misc.Unsafe.allocateUninitializedArray(Ljava/lang/Class;I)Ljava/lang/Object; @ 51 c2
Event: 9.646 Thread 0x0000012446166130 DEOPT PACKING pc=0x00000124691619b0 sp=0x00000004770fdf00
Event: 9.646 Thread 0x0000012446166130 DEOPT UNPACKING pc=0x0000012468b946a2 sp=0x00000004770fde78 mode 2
Event: 9.646 Thread 0x0000012446166130 Uncommon trap: trap_request=0xffffffde fr.pc=0x00000124691619b0 relative=0x0000000000000110
Event: 9.646 Thread 0x0000012446166130 Uncommon trap: reason=class_check action=maybe_recompile pc=0x00000124691619b0 method=jdk.internal.misc.Unsafe.allocateUninitializedArray(Ljava/lang/Class;I)Ljava/lang/Object; @ 51 c2
Event: 9.646 Thread 0x0000012446166130 DEOPT PACKING pc=0x00000124691619b0 sp=0x00000004770fdec0
Event: 9.646 Thread 0x0000012446166130 DEOPT UNPACKING pc=0x0000012468b946a2 sp=0x00000004770fde38 mode 2
Event: 9.646 Thread 0x0000012446166130 Uncommon trap: trap_request=0xffffffde fr.pc=0x00000124691619b0 relative=0x0000000000000110
Event: 9.646 Thread 0x0000012446166130 Uncommon trap: reason=class_check action=maybe_recompile pc=0x00000124691619b0 method=jdk.internal.misc.Unsafe.allocateUninitializedArray(Ljava/lang/Class;I)Ljava/lang/Object; @ 51 c2
Event: 9.646 Thread 0x0000012446166130 DEOPT PACKING pc=0x00000124691619b0 sp=0x00000004770fdb80
Event: 9.646 Thread 0x0000012446166130 DEOPT UNPACKING pc=0x0000012468b946a2 sp=0x00000004770fdaf8 mode 2
Event: 10.965 Thread 0x00000124461eeb00 Uncommon trap: trap_request=0xffffff45 fr.pc=0x000001246913f958 relative=0x0000000000000a98
Event: 10.965 Thread 0x00000124461eeb00 Uncommon trap: reason=unstable_if action=reinterpret pc=0x000001246913f958 method=sun.security.provider.SHA.implCompress0([BI)V @ 4 c2
Event: 10.965 Thread 0x00000124461eeb00 DEOPT PACKING pc=0x000001246913f958 sp=0x0000000475ffe9f0
Event: 10.965 Thread 0x00000124461eeb00 DEOPT UNPACKING pc=0x0000012468b946a2 sp=0x0000000475ffe960 mode 2

Classes loaded (20 events):
Event: 9.674 Loading class java/util/LinkedList$DescendingIterator
Event: 9.674 Loading class java/util/LinkedList$DescendingIterator done
Event: 9.713 Loading class java/util/DualPivotQuicksort
Event: 9.714 Loading class java/util/DualPivotQuicksort done
Event: 10.942 Loading class java/util/concurrent/locks/ReadWriteLock
Event: 10.943 Loading class java/util/concurrent/locks/ReadWriteLock done
Event: 10.946 Loading class java/util/concurrent/locks/ReentrantReadWriteLock
Event: 10.947 Loading class java/util/concurrent/locks/ReentrantReadWriteLock done
Event: 10.947 Loading class java/util/concurrent/locks/ReentrantReadWriteLock$FairSync
Event: 10.947 Loading class java/util/concurrent/locks/ReentrantReadWriteLock$Sync
Event: 10.948 Loading class java/util/concurrent/locks/ReentrantReadWriteLock$Sync done
Event: 10.948 Loading class java/util/concurrent/locks/ReentrantReadWriteLock$FairSync done
Event: 10.948 Loading class java/util/concurrent/locks/ReentrantReadWriteLock$Sync$ThreadLocalHoldCounter
Event: 10.948 Loading class java/util/concurrent/locks/ReentrantReadWriteLock$Sync$ThreadLocalHoldCounter done
Event: 10.948 Loading class java/util/concurrent/locks/ReentrantReadWriteLock$ReadLock
Event: 10.948 Loading class java/util/concurrent/locks/ReentrantReadWriteLock$ReadLock done
Event: 10.948 Loading class java/util/concurrent/locks/ReentrantReadWriteLock$WriteLock
Event: 10.948 Loading class java/util/concurrent/locks/ReentrantReadWriteLock$WriteLock done
Event: 10.963 Loading class sun/net/www/HeaderParser
Event: 10.963 Loading class sun/net/www/HeaderParser done

Classes unloaded (0 events):
No events

Classes redefined (0 events):
No events

Internal exceptions (20 events):
Event: 2.129 Thread 0x0000012456f120f0 Exception <a 'sun/nio/fs/WindowsException'{0x00000000a746bc00}> (0x00000000a746bc00) 
thrown [s\open\src\hotspot\share\prims\jni.cpp, line 520]
Event: 2.232 Thread 0x0000012456f120f0 Exception <a 'java/lang/NoSuchMethodError'{0x00000000a7290e20}: 'void java.lang.invoke.DirectMethodHandle$Holder.invokeVirtual(java.lang.Object, java.lang.Object)'> (0x00000000a7290e20) 
thrown [s\open\src\hotspot\share\interpreter\linkResolver.cpp, line 774]
Event: 2.313 Thread 0x0000012456f120f0 Exception <a 'java/lang/NoSuchMethodError'{0x00000000a6eac2d8}: 'java.lang.Object java.lang.invoke.DirectMethodHandle$Holder.invokeStaticInit(java.lang.Object, int, int, int, int)'> (0x00000000a6eac2d8) 
thrown [s\open\src\hotspot\share\interpreter\linkResolver.cpp, line 774]
Event: 2.482 Thread 0x0000012456f120f0 Exception <a 'java/lang/NoSuchMethodError'{0x00000000a6d76280}: 'java.lang.Object java.lang.invoke.DirectMethodHandle$Holder.invokeStaticInit(java.lang.Object, java.lang.Object, int, int, int, int)'> (0x00000000a6d76280) 
thrown [s\open\src\hotspot\share\interpreter\linkResolver.cpp, line 774]
Event: 2.658 Thread 0x0000012456f120f0 Exception <a 'java/lang/NoSuchMethodError'{0x00000000a6ba44e0}: 'java.lang.Object java.lang.invoke.DirectMethodHandle$Holder.invokeInterface(java.lang.Object, java.lang.Object, java.lang.Object)'> (0x00000000a6ba44e0) 
thrown [s\open\src\hotspot\share\interpreter\linkResolver.cpp, line 774]
Event: 2.658 Thread 0x0000012456f120f0 Exception <a 'java/lang/IncompatibleClassChangeError'{0x00000000a6ba78d8}: Found class java.lang.Object, but interface was expected> (0x00000000a6ba78d8) 
thrown [s\open\src\hotspot\share\interpreter\linkResolver.cpp, line 841]
Event: 2.660 Thread 0x0000012456f120f0 Exception <a 'java/lang/NoSuchMethodError'{0x00000000a6baed10}: 'int java.lang.invoke.DirectMethodHandle$Holder.invokeSpecialIFC(java.lang.Object, java.lang.Object, java.lang.Object, java.lang.Object)'> (0x00000000a6baed10) 
thrown [s\open\src\hotspot\share\interpreter\linkResolver.cpp, line 774]
Event: 2.675 Thread 0x0000012456f120f0 Exception <a 'java/lang/NoSuchMethodError'{0x00000000a6a0cd78}: 'java.lang.Object java.lang.invoke.DirectMethodHandle$Holder.invokeVirtual(java.lang.Object, java.lang.Object, java.lang.Object, java.lang.Object)'> (0x00000000a6a0cd78) 
thrown [s\open\src\hotspot\share\interpreter\linkResolver.cpp, line 774]
Event: 2.708 Thread 0x0000012445abaec0 Exception <a 'java/net/ConnectException'{0x00000000a6985b70}: Connection refused: getsockopt> (0x00000000a6985b70) 
thrown [s\open\src\hotspot\share\prims\jni.cpp, line 539]
Event: 2.748 Thread 0x0000012445abaec0 Exception <a 'java/net/ConnectException'{0x00000000a6986c68}: Connection refused: getsockopt> (0x00000000a6986c68) 
thrown [s\open\src\hotspot\share\prims\jni.cpp, line 539]
Event: 2.831 Thread 0x0000012456f120f0 Exception <a 'java/lang/NoSuchMethodError'{0x00000000a68a5930}: 'java.lang.Object java.lang.invoke.DirectMethodHandle$Holder.newInvokeSpecial(java.lang.Object, java.lang.Object, int, int)'> (0x00000000a68a5930) 
thrown [s\open\src\hotspot\share\interpreter\linkResolver.cpp, line 774]
Event: 2.832 Thread 0x0000012456f120f0 Exception <a 'java/lang/NoSuchMethodError'{0x00000000a68b0098}: 'void java.lang.invoke.DirectMethodHandle$Holder.invokeStatic(java.lang.Object, java.lang.Object, int)'> (0x00000000a68b0098) 
thrown [s\open\src\hotspot\share\interpreter\linkResolver.cpp, line 774]
Event: 2.871 Thread 0x0000012456f120f0 Exception <a 'java/lang/NoSuchMethodError'{0x00000000a7e19b08}: 'java.lang.Object java.lang.invoke.DirectMethodHandle$Holder.newInvokeSpecial(java.lang.Object, java.lang.Object, java.lang.Object, java.lang.Object, java.lang.Object)'> (0x00000000a7e19b08) 
thrown [s\open\src\hotspot\share\interpreter\linkResolver.cpp, line 774]
Event: 2.947 Thread 0x0000012456f120f0 Exception <a 'java/lang/NoSuchMethodError'{0x00000000a7c30928}: 'void java.lang.invoke.DirectMethodHandle$Holder.invokeSpecial(java.lang.Object, java.lang.Object, java.lang.Object)'> (0x00000000a7c30928) 
thrown [s\open\src\hotspot\share\interpreter\linkResolver.cpp, line 774]
Event: 2.987 Thread 0x0000012446166130 Exception <a 'java/lang/NoSuchMethodError'{0x00000000a7b2d130}: 'java.lang.Object java.lang.invoke.DirectMethodHandle$Holder.invokeSpecial(java.lang.Object, java.lang.Object, java.lang.Object, java.lang.Object, int)'> (0x00000000a7b2d130) 
thrown [s\open\src\hotspot\share\interpreter\linkResolver.cpp, line 774]
Event: 2.987 Thread 0x0000012446166130 Exception <a 'java/lang/NoSuchMethodError'{0x00000000a7b30a88}: 'java.lang.Object java.lang.invoke.Invokers$Holder.linkToTargetMethod(java.lang.Object, java.lang.Object, int, java.lang.Object)'> (0x00000000a7b30a88) 
thrown [s\open\src\hotspot\share\interpreter\linkResolver.cpp, line 774]
Event: 3.007 Thread 0x0000012446166130 Exception <a 'java/lang/NoSuchMethodError'{0x00000000a7b71a28}: 'void java.lang.invoke.DirectMethodHandle$Holder.invokeSpecial(java.lang.Object, java.lang.Object, java.lang.Object, java.lang.Object, java.lang.Object)'> (0x00000000a7b71a28) 
thrown [s\open\src\hotspot\share\interpreter\linkResolver.cpp, line 774]
Event: 9.668 Thread 0x0000012446166130 Exception <a 'java/lang/NoSuchMethodError'{0x00000000a7ae8380}: 'void java.lang.invoke.DirectMethodHandle$Holder.invokeSpecial(java.lang.Object, java.lang.Object, java.lang.Object, java.lang.Object, java.lang.Object, java.lang.Object, java.lang.Object)'> (0x00000000a7ae8380) 
thrown [s\open\src\hotspot\share\interpreter\linkResolver.cpp, line 774]
Event: 9.790 Thread 0x0000012456f120f0 Exception <a 'java/lang/NoSuchMethodError'{0x00000000a78a5298}: 'java.lang.Object java.lang.invoke.DirectMethodHandle$Holder.invokeSpecialIFC(java.lang.Object, java.lang.Object, java.lang.Object)'> (0x00000000a78a5298) 
thrown [s\open\src\hotspot\share\interpreter\linkResolver.cpp, line 774]
Event: 10.965 Thread 0x00000124461eeb00 Implicit null exception at 0x000001246913ef00 to 0x000001246913f93c

ZGC Phase Switch (0 events):
No events

VM Operations (20 events):
Event: 2.788 Executing VM operation: HandshakeAllThreads (Deoptimize)
Event: 2.789 Executing VM operation: HandshakeAllThreads (Deoptimize) done
Event: 2.799 Executing VM operation: HandshakeAllThreads (Deoptimize)
Event: 2.799 Executing VM operation: HandshakeAllThreads (Deoptimize) done
Event: 2.841 Executing VM operation: G1CollectForAllocation (G1 Evacuation Pause)
Event: 2.849 Executing VM operation: G1CollectForAllocation (G1 Evacuation Pause) done
Event: 2.854 Executing VM operation: HandshakeAllThreads (Deoptimize)
Event: 2.854 Executing VM operation: HandshakeAllThreads (Deoptimize) done
Event: 3.860 Executing VM operation: Cleanup
Event: 3.860 Executing VM operation: Cleanup done
Event: 9.645 Executing VM operation: HandshakeAllThreads (Deoptimize)
Event: 9.645 Executing VM operation: HandshakeAllThreads (Deoptimize) done
Event: 9.645 Executing VM operation: Cleanup
Event: 9.645 Executing VM operation: Cleanup done
Event: 9.648 Executing VM operation: HandshakeAllThreads (Deoptimize)
Event: 9.648 Executing VM operation: HandshakeAllThreads (Deoptimize) done
Event: 10.649 Executing VM operation: Cleanup
Event: 10.880 Executing VM operation: Cleanup done
Event: 11.886 Executing VM operation: Cleanup
Event: 11.995 Executing VM operation: Cleanup done

Events (20 events):
Event: 0.712 Thread 0x00000124455d6b60 Thread added: 0x00000124455d6b60
Event: 1.834 Thread 0x00000124455d6b60 Thread exited: 0x00000124455d6b60
Event: 1.929 Thread 0x000001244570c5d0 Thread added: 0x000001244570c5d0
Event: 2.606 Thread 0x00000124457cd2c0 Thread added: 0x00000124457cd2c0
Event: 2.685 Thread 0x0000012445a3be20 Thread added: 0x0000012445a3be20
Event: 2.688 Thread 0x0000012445aba1e0 Thread added: 0x0000012445aba1e0
Event: 2.688 Thread 0x0000012445aba850 Thread added: 0x0000012445aba850
Event: 2.696 Thread 0x0000012445abaec0 Thread added: 0x0000012445abaec0
Event: 2.788 Thread 0x0000012445ae7900 Thread added: 0x0000012445ae7900
Event: 2.974 Thread 0x0000012446166130 Thread added: 0x0000012446166130
Event: 3.024 Thread 0x00000124461edde0 Thread added: 0x00000124461edde0
Event: 3.025 Thread 0x00000124461ed750 Thread added: 0x00000124461ed750
Event: 7.400 Thread 0x000001244570c5d0 Thread exited: 0x000001244570c5d0
Event: 9.676 Thread 0x00000124461eeb00 Thread added: 0x00000124461eeb00
Event: 10.921 Thread 0x00000124461ee470 Thread added: 0x00000124461ee470
Event: 10.923 Thread 0x0000012446515f70 Thread added: 0x0000012446515f70
Event: 10.929 Thread 0x0000012446516600 Thread added: 0x0000012446516600
Event: 10.961 Thread 0x0000012446518040 Thread added: 0x0000012446518040
Event: 10.961 Thread 0x000001244627dae0 Thread added: 0x000001244627dae0
Event: 12.817 Thread 0x0000012445ae7900 Thread exited: 0x0000012445ae7900


Dynamic libraries:
0x00007ff6b50c0000 - 0x00007ff6b50d0000 	C:\Program Files\Java\jdk-22\bin\javaw.exe
0x00007ffe86d00000 - 0x00007ffe86f67000 	C:\WINDOWS\SYSTEM32\ntdll.dll
0x00007ffe861d0000 - 0x00007ffe86299000 	C:\WINDOWS\System32\KERNEL32.DLL
0x00007ffe84690000 - 0x00007ffe84a80000 	C:\WINDOWS\System32\KERNELBASE.dll
0x00007ffe84060000 - 0x00007ffe841ab000 	C:\WINDOWS\System32\ucrtbase.dll
0x00007ffdd8be0000 - 0x00007ffdd8bfb000 	C:\Program Files\Java\jdk-22\bin\VCRUNTIME140.dll
0x00007ffe0b0b0000 - 0x00007ffe0b0c7000 	C:\Program Files\Java\jdk-22\bin\jli.dll
0x00007ffe85170000 - 0x00007ffe85224000 	C:\WINDOWS\System32\ADVAPI32.dll
0x00007ffe85af0000 - 0x00007ffe85b99000 	C:\WINDOWS\System32\msvcrt.dll
0x00007ffe85230000 - 0x00007ffe852d6000 	C:\WINDOWS\System32\sechost.dll
0x00007ffe85f70000 - 0x00007ffe86088000 	C:\WINDOWS\System32\RPCRT4.dll
0x00007ffe84ce0000 - 0x00007ffe84ea5000 	C:\WINDOWS\System32\USER32.dll
0x00007ffe841b0000 - 0x00007ffe841d7000 	C:\WINDOWS\System32\win32u.dll
0x00007ffe862b0000 - 0x00007ffe862db000 	C:\WINDOWS\System32\GDI32.dll
0x00007ffe84360000 - 0x00007ffe84498000 	C:\WINDOWS\System32\gdi32full.dll
0x00007ffe6daa0000 - 0x00007ffe6dd3a000 	C:\WINDOWS\WinSxS\amd64_microsoft.windows.common-controls_6595b64144ccf1df_6.0.26100.4768_none_3e0c112ce331287c\COMCTL32.dll
0x00007ffe83fb0000 - 0x00007ffe84053000 	C:\WINDOWS\System32\msvcp_win.dll
0x00007ffe6ea50000 - 0x00007ffe6ea5b000 	C:\WINDOWS\SYSTEM32\VERSION.dll
0x00007ffe86190000 - 0x00007ffe861bf000 	C:\WINDOWS\System32\IMM32.DLL
0x00007ffe0b0a0000 - 0x00007ffe0b0ac000 	C:\Program Files\Java\jdk-22\bin\vcruntime140_1.dll
0x00007ffdd66e0000 - 0x00007ffdd676e000 	C:\Program Files\Java\jdk-22\bin\msvcp140.dll
0x00007ffdd5990000 - 0x00007ffdd66d7000 	C:\Program Files\Java\jdk-22\bin\server\jvm.dll
0x00007ffe86670000 - 0x00007ffe866e4000 	C:\WINDOWS\System32\WS2_32.dll
0x00007ffe83c90000 - 0x00007ffe83cee000 	C:\WINDOWS\SYSTEM32\POWRPROF.dll
0x00007ffe6e920000 - 0x00007ffe6e955000 	C:\WINDOWS\SYSTEM32\WINMM.dll
0x00007ffe83c70000 - 0x00007ffe83c84000 	C:\WINDOWS\SYSTEM32\UMPDC.dll
0x00007ffe82bb0000 - 0x00007ffe82bcb000 	C:\WINDOWS\SYSTEM32\kernel.appcore.dll
0x00007ffe01800000 - 0x00007ffe0180a000 	C:\Program Files\Java\jdk-22\bin\jimage.dll
0x00007ffe81620000 - 0x00007ffe81861000 	C:\WINDOWS\SYSTEM32\DBGHELP.DLL
0x00007ffe862e0000 - 0x00007ffe86665000 	C:\WINDOWS\System32\combase.dll
0x00007ffe86b80000 - 0x00007ffe86c60000 	C:\WINDOWS\System32\OLEAUT32.dll
0x00007ffe69ce0000 - 0x00007ffe69d23000 	C:\WINDOWS\SYSTEM32\dbgcore.DLL
0x00007ffe84530000 - 0x00007ffe845c9000 	C:\WINDOWS\System32\bcryptPrimitives.dll
0x00007ffdd5970000 - 0x00007ffdd598e000 	C:\Program Files\Java\jdk-22\bin\java.dll
0x00007ffe85390000 - 0x00007ffe85add000 	C:\WINDOWS\System32\SHELL32.dll
0x00007ffe841e0000 - 0x00007ffe84353000 	C:\WINDOWS\System32\wintypes.dll
0x00007ffe85ba0000 - 0x00007ffe85d40000 	C:\WINDOWS\System32\ole32.dll
0x00007ffe81a50000 - 0x00007ffe822af000 	C:\WINDOWS\SYSTEM32\windows.storage.dll
0x00007ffe86090000 - 0x00007ffe86185000 	C:\WINDOWS\System32\SHCORE.dll
0x00007ffe85d50000 - 0x00007ffe85dba000 	C:\WINDOWS\System32\shlwapi.dll
0x00007ffe83d50000 - 0x00007ffe83d79000 	C:\WINDOWS\SYSTEM32\profapi.dll
0x00007ffdd5890000 - 0x00007ffdd5967000 	C:\Program Files\Java\jdk-22\bin\jsvml.dll
0x00007ffdfd570000 - 0x00007ffdfd580000 	C:\Program Files\Java\jdk-22\bin\net.dll
0x00007ffe83140000 - 0x00007ffe831ab000 	C:\WINDOWS\system32\mswsock.dll
0x00007ffdd5870000 - 0x00007ffdd5886000 	C:\Program Files\Java\jdk-22\bin\nio.dll
0x00007ffdd5850000 - 0x00007ffdd5867000 	C:\Program Files\Java\jdk-22\bin\zip.dll
0x00007ffdd7880000 - 0x00007ffdd7889000 	C:\Program Files\Java\jdk-22\bin\extnet.dll
0x00007ffe826b0000 - 0x00007ffe827d6000 	C:\WINDOWS\SYSTEM32\DNSAPI.dll
0x00007ffe82610000 - 0x00007ffe82643000 	C:\WINDOWS\SYSTEM32\IPHLPAPI.DLL
0x00007ffe862a0000 - 0x00007ffe862aa000 	C:\WINDOWS\System32\NSI.dll
0x00007ffe70630000 - 0x00007ffe7063b000 	C:\Windows\System32\rasadhlp.dll
0x00007ffe7c3b0000 - 0x00007ffe7c436000 	C:\WINDOWS\System32\fwpuclnt.dll
0x00007ffe83400000 - 0x00007ffe8341b000 	C:\WINDOWS\SYSTEM32\CRYPTSP.dll
0x00007ffe82b10000 - 0x00007ffe82b4b000 	C:\WINDOWS\system32\rsaenh.dll
0x00007ffe831e0000 - 0x00007ffe8320b000 	C:\WINDOWS\SYSTEM32\USERENV.dll
0x00007ffe83d20000 - 0x00007ffe83d46000 	C:\WINDOWS\SYSTEM32\bcrypt.dll
0x00007ffe83420000 - 0x00007ffe8342c000 	C:\WINDOWS\SYSTEM32\CRYPTBASE.dll
0x00007ffe5e730000 - 0x00007ffe5e73e000 	C:\Program Files\Java\jdk-22\bin\sunmscapi.dll
0x00007ffe83e30000 - 0x00007ffe83fa7000 	C:\WINDOWS\System32\CRYPT32.dll
0x00007ffe83620000 - 0x00007ffe83650000 	C:\WINDOWS\SYSTEM32\ncrypt.dll
0x00007ffe835d0000 - 0x00007ffe8360f000 	C:\WINDOWS\SYSTEM32\NTASN1.dll
0x00007ffe78d40000 - 0x00007ffe78d48000 	C:\WINDOWS\system32\wshunix.dll

dbghelp: loaded successfully - version: 4.0.5 - missing functions: none
symbol engine: initialized successfully - sym options: 0x614 - pdb path: .;C:\Program Files\Java\jdk-22\bin;C:\WINDOWS\SYSTEM32;C:\WINDOWS\WinSxS\amd64_microsoft.windows.common-controls_6595b64144ccf1df_6.0.26100.4768_none_3e0c112ce331287c;C:\Program Files\Java\jdk-22\bin\server

VM Arguments:
jvm_args: -Dfile.encoding=UTF-8 -Dstdout.encoding=UTF-8 -Dstderr.encoding=UTF-8 -XX:+ShowCodeDetailsInExceptionMessages 
java_command: Tutorial9.Demo6
java_class_path (initial): C:\Users\Prerana\OneDrive\Documents\GitHub\Selenium\SeleniumTutorial\target\classes;C:\Users\Prerana\.m2\repository\org\seleniumhq\selenium\selenium-java\4.16.1\selenium-java-4.16.1.jar;C:\Users\Prerana\.m2\repository\org\seleniumhq\selenium\selenium-api\4.16.1\selenium-api-4.16.1.jar;C:\Users\Prerana\.m2\repository\org\seleniumhq\selenium\selenium-chrome-driver\4.16.1\selenium-chrome-driver-4.16.1.jar;C:\Users\Prerana\.m2\repository\com\google\auto\service\auto-service-annotations\1.1.1\auto-service-annotations-1.1.1.jar;C:\Users\Prerana\.m2\repository\org\seleniumhq\selenium\selenium-chromium-driver\4.16.1\selenium-chromium-driver-4.16.1.jar;C:\Users\Prerana\.m2\repository\org\seleniumhq\selenium\selenium-json\4.16.1\selenium-json-4.16.1.jar;C:\Users\Prerana\.m2\repository\org\seleniumhq\selenium\selenium-manager\4.16.1\selenium-manager-4.16.1.jar;C:\Users\Prerana\.m2\repository\org\seleniumhq\selenium\selenium-devtools-v118\4.16.1\selenium-devtools-v118-4.16.1.jar;C:\Users\Prerana\.m2\repository\org\seleniumhq\selenium\selenium-devtools-v119\4.16.1\selenium-devtools-v119-4.16.1.jar;C:\Users\Prerana\.m2\repository\org\seleniumhq\selenium\selenium-devtools-v120\4.16.1\selenium-devtools-v120-4.16.1.jar;C:\Users\Prerana\.m2\repository\org\seleniumhq\selenium\selenium-devtools-v85\4.16.1\selenium-devtools-v85-4.16.1.jar;C:\Users\Prerana\.m2\repository\org\seleniumhq\selenium\selenium-edge-driver\4.16.1\selenium-edge-driver-4.16.1.jar;C:\Users\Prerana\.m2\repository\org\seleniumhq\selenium\selenium-firefox-driver\4.16.1\selenium-firefox-driver-4.16.1.jar;C:\Users\Prerana\.m2\repository\org\seleniumhq\selenium\selenium-http\4.16.1\selenium-http-4.16.1.jar;C:\Users\Prerana\.m2\repository\dev\failsafe\failsafe\3.3.2\failsafe-3.3.2.jar;C:\Users\Prerana\.m2\repository\org\seleniumhq\selenium\selenium-ie-driver\4.16.1\selenium-ie-driver-4.16.1.jar;C:\Users\Prerana\.m2\repository\org\seleniumhq\selenium\selenium-remote-driver\4.16.1\selenium-remote-driver-4.16.1.jar;C:\Users\Prerana\.m2\repository\com\google\guava\guava\32.1.2-jre\guava-32.1.2-jre.jar;C:\Users\Prerana\.m2\repository\com\google\guava\failureaccess\1.0.1\failureaccess-1.0.1.jar;C:\Users\Prerana\.m2\repository\com\google\guava\listenablefuture\9999.0-empty-to-avoid-conflict-with-guava\listenablefuture-9999.0-empty-to-avoid-conflict-with-guava.jar;C:\Users\Prerana\.m2\repository\com\google\code\findbugs\jsr305\3.0.2\jsr305-3.0.2.jar;C:\Users\Prerana\.m2\repository\org\checkerframework\checker-qual\3.33.0\checker-qual-3.33.0.jar;C:\Users\Prerana\.m2\repository\com\google\errorprone\error_prone_annotations\2.18.0\error_prone_annotations-2.18.0.jar;C:\Users\Prerana\.m2\repository\com\google\j2objc\j2objc-annotations\2.8\j2objc-annotations-2.8.jar;C:\Users\Prerana\.m2\repository\io\opentelemetry\opentelemetry-api\1.28.0\opentelemetry-api-1.28.0.jar;C:\Users\Prerana\.m2\repository\io\opentelemetry\opentelemetry-context\1.28.0\opentelemetry-context-1.28.0.jar;C:\Users\Prerana\.m2\repository\io\opentelemetry\opentelemetry-exporter-logging\1.28.0\opentelemetry-exporter-logging-1.28.0.jar;C:\Users\Prerana\.m2\repository\io\opentelemetry\opentelemetry-sdk-metrics\1.28.0\opentelemetry-sdk-metrics-1.28.0.jar;C:\Users\Prerana\.m2\repository\io\opentelemetry\opentelemetry-extension-incubator\1.28.0-alpha\opentelemetry-extension-incubator-1.28.0-alpha.jar;C:\Users\Prerana\.m2\repository\io\opentelemetry\opentelemetry-sdk-logs\1.28.0\opentelemetry-sdk-logs-1.28.0.jar;C:\Users\Prerana\.m2\repository\io\opentelemetry\opentelemetry-sdk-common\1.28.0\opentelemetry-sdk-common-1.28.0.jar;C:\Users\Prerana\.m2\repository\io\opentelemetry\opentelemetry-sdk-extension-autoconfigure-spi\1.28.0\opentelemetry-sdk-extension-autoconfigure-spi-1.28.0.jar;C:\Users\Prerana\.m2\repository\io\opentelemetry\opentelemetry-sdk-extension-autoconfigure\1.28.0\opentelemetry-sdk-extension-autoconfigure-1.28.0.jar;C:\Users\Prerana\.m2\repository\io\opentelemetry\opentelemetry-api-events\1.28.0-alpha\opentelemetry-api-events-1.28.0-alpha.jar;C:\Users\Prerana\.m2\repository\io\opentelemetry\opentelemetry-sdk-trace\1.28.0\opentelemetry-sdk-trace-1.28.0.jar;C:\Users\Prerana\.m2\repository\io\opentelemetry\opentelemetry-sdk\1.28.0\opentelemetry-sdk-1.28.0.jar;C:\Users\Prerana\.m2\repository\io\opentelemetry\opentelemetry-semconv\1.28.0-alpha\opentelemetry-semconv-1.28.0-alpha.jar;C:\Users\Prerana\.m2\repository\net\bytebuddy\byte-buddy\1.14.5\byte-buddy-1.14.5.jar;C:\Users\Prerana\.m2\repository\org\seleniumhq\selenium\selenium-os\4.16.1\selenium-os-4.16.1.jar;C:\Users\Prerana\.m2\repository\org\apache\commons\commons-exec\1.3\commons-exec-1.3.jar;C:\Users\Prerana\.m2\repository\org\seleniumhq\selenium\selenium-safari-driver\4.16.1\selenium-safari-driver-4.16.1.jar;C:\Users\Prerana\.m2\repository\org\seleniumhq\selenium\selenium-support\4.16.1\selenium-support-4.16.1.jar
Launcher Type: SUN_STANDARD

[Global flags]
     intx CICompilerCount                          = 4                                         {product} {ergonomic}
     uint ConcGCThreads                            = 3                                         {product} {ergonomic}
     uint G1ConcRefinementThreads                  = 10                                        {product} {ergonomic}
   size_t G1HeapRegionSize                         = 1048576                                   {product} {ergonomic}
   size_t InitialHeapSize                          = 98566144                                  {product} {ergonomic}
   size_t MarkStackSize                            = 4194304                                   {product} {ergonomic}
   size_t MaxHeapSize                              = 1574961152                                {product} {ergonomic}
   size_t MaxNewSize                               = 944766976                                 {product} {ergonomic}
   size_t MinHeapDeltaBytes                        = 1048576                                   {product} {ergonomic}
   size_t MinHeapSize                              = 8388608                                   {product} {ergonomic}
    uintx NonNMethodCodeHeapSize                   = 5839372                                {pd product} {ergonomic}
    uintx NonProfiledCodeHeapSize                  = 122909434                              {pd product} {ergonomic}
    uintx ProfiledCodeHeapSize                     = 122909434                              {pd product} {ergonomic}
    uintx ReservedCodeCacheSize                    = 251658240                              {pd product} {ergonomic}
     bool SegmentedCodeCache                       = true                                      {product} {ergonomic}
     bool ShowCodeDetailsInExceptionMessages       = true                                   {manageable} {command line}
   size_t SoftMaxHeapSize                          = 1574961152                             {manageable} {ergonomic}
     bool UseCompressedOops                        = true                           {product lp64_product} {ergonomic}
     bool UseG1GC                                  = true                                      {product} {ergonomic}
     bool UseLargePagesIndividualAllocation        = false                                  {pd product} {ergonomic}

Logging:
Log output configuration:
 #0: stdout all=warning uptime,level,tags foldmultilines=false
 #1: stderr all=off uptime,level,tags foldmultilines=false

Environment Variables:
PATH=C:\Program Files\Common Files\Oracle\Java\javapath;C:\Program Files\Python310\Scripts\;C:\Program Files\Python310\;C:\WINDOWS\system32;C:\WINDOWS;C:\WINDOWS\System32\Wbem;C:\WINDOWS\System32\WindowsPowerShell\v1.0\;C:\WINDOWS\System32\OpenSSH\;C:\Program Files\Git\cmd;C:\Program Files\MySQL\MySQL Shell 8.0\bin\;C:\Users\Prerana\AppData\Local\Microsoft\WindowsApps;C:\Users\Prerana\AppData\Local\Programs\Microsoft VS Code\bin;C:\Users\Prerana\AppData\Local\GitHubDesktop\bin;C:\Program Files\JetBrains\PyCharm Community Edition 2022.1.2\bin;;
USERNAME=Prerana
OS=Windows_NT
PROCESSOR_IDENTIFIER=AMD64 Family 23 Model 104 Stepping 1, AuthenticAMD
TMP=C:\Users\Prerana\AppData\Local\Temp
TEMP=C:\Users\Prerana\AppData\Local\Temp




Periodic native trim disabled

---------------  S Y S T E M  ---------------

OS:
 Windows 11 , 64 bit Build 26100 (10.0.26100.4768)
OS uptime: 10 days 6:50 hours

CPU: total 12 (initial active 12) (12 cores per cpu, 2 threads per core) family 23 model 104 stepping 1 microcode 0x8608103, cx8, cmov, fxsr, ht, mmx, 3dnowpref, sse, sse2, sse3, ssse3, sse4a, sse4.1, sse4.2, popcnt, lzcnt, tsc, tscinvbit, avx, avx2, aes, clmul, bmi1, bmi2, adx, sha, fma, vzeroupper, clflush, clflushopt, rdtscp, rdpid, f16c
Processor Information for processor 0
  Max Mhz: 2100, Current Mhz: 2100, Mhz Limit: 2100
Processor Information for processor 1
  Max Mhz: 2100, Current Mhz: 2100, Mhz Limit: 2100
Processor Information for processor 2
  Max Mhz: 2100, Current Mhz: 2100, Mhz Limit: 2100
Processor Information for processor 3
  Max Mhz: 2100, Current Mhz: 2100, Mhz Limit: 2100
Processor Information for processor 4
  Max Mhz: 2100, Current Mhz: 2100, Mhz Limit: 2100
Processor Information for processor 5
  Max Mhz: 2100, Current Mhz: 2100, Mhz Limit: 2100
Processor Information for processor 6
  Max Mhz: 2100, Current Mhz: 1813, Mhz Limit: 2100
Processor Information for processor 7
  Max Mhz: 2100, Current Mhz: 1813, Mhz Limit: 2100
Processor Information for processor 8
  Max Mhz: 2100, Current Mhz: 1813, Mhz Limit: 2100
Processor Information for processor 9
  Max Mhz: 2100, Current Mhz: 1813, Mhz Limit: 2100
Processor Information for processor 10
  Max Mhz: 2100, Current Mhz: 1813, Mhz Limit: 2100
Processor Information for processor 11
  Max Mhz: 2100, Current Mhz: 1813, Mhz Limit: 2100

Memory: 4k page, system-wide physical 6005M (570M free)
TotalPageFile size 24437M (AvailPageFile size 3M)
current process WorkingSet (physical memory assigned to process): 113M, peak: 113M
current process commit charge ("private bytes"): 220M, peak: 220M

vm_info: Java HotSpot(TM) 64-Bit Server VM (22.0.1+8-16) for windows-amd64 JRE (22.0.1+8-16), built on 2024-03-12T10:33:16Z by "mach5one" with MS VC++ 17.6 (VS2022)

END.
